2017-08-22 21:58:30 INFO  AppMain:12 - .......Hibernate Crud Operations Example.......

2017-08-22 21:58:30 INFO  AppMain:14 - 
=======CREATE RECORDS=======

2017-08-22 21:58:32 INFO  DbOperations:57 - 
Successfully Created '5' Records In The Database!

2017-08-22 21:58:32 INFO  AppMain:17 - 
=======READ RECORDS=======

2017-08-22 21:58:32 INFO  AppMain:21 - Student Details?= Id: 1, Name: Editor 101, Roll No.: 101, Course: Bachelor Of Technology
2017-08-22 21:58:32 INFO  AppMain:21 - Student Details?= Id: 2, Name: Editor 102, Roll No.: 102, Course: Bachelor Of Technology
2017-08-22 21:58:32 INFO  AppMain:21 - Student Details?= Id: 3, Name: Editor 103, Roll No.: 103, Course: Bachelor Of Technology
2017-08-22 21:58:32 INFO  AppMain:21 - Student Details?= Id: 4, Name: Editor 104, Roll No.: 104, Course: Bachelor Of Technology
2017-08-22 21:58:32 INFO  AppMain:21 - Student Details?= Id: 5, Name: Editor 105, Roll No.: 105, Course: Bachelor Of Technology
2017-08-22 21:58:32 INFO  AppMain:25 - 
=======UPDATE RECORDS=======

2017-08-22 21:58:32 INFO  DbOperations:111 - 
Student With Id?= 1 Is Successfully Updated In The Database!

2017-08-22 21:58:32 INFO  AppMain:28 - 
=======READ RECORDS AFTER UPDATION=======

2017-08-22 21:58:32 INFO  AppMain:32 - Student Details?= Id: 1, Name: Java Code Geek, Roll No.: 101, Course: Masters Of Technology
2017-08-22 21:58:32 INFO  AppMain:32 - Student Details?= Id: 2, Name: Editor 102, Roll No.: 102, Course: Bachelor Of Technology
2017-08-22 21:58:32 INFO  AppMain:32 - Student Details?= Id: 3, Name: Editor 103, Roll No.: 103, Course: Bachelor Of Technology
2017-08-22 21:58:32 INFO  AppMain:32 - Student Details?= Id: 4, Name: Editor 104, Roll No.: 104, Course: Bachelor Of Technology
2017-08-22 21:58:32 INFO  AppMain:32 - Student Details?= Id: 5, Name: Editor 105, Roll No.: 105, Course: Bachelor Of Technology
2017-08-22 21:58:32 INFO  AppMain:36 - 
=======DELETE RECORD=======

2017-08-22 21:58:32 INFO  DbOperations:139 - 
Student With Id?= 5 Is Successfully Deleted From The Database!

2017-08-22 21:58:32 INFO  AppMain:39 - 
=======READ RECORDS AFTER DELETION=======

2017-08-22 21:58:32 INFO  AppMain:42 - Student Details?= Id: 1, Name: Java Code Geek, Roll No.: 101, Course: Masters Of Technology
2017-08-22 21:58:32 INFO  AppMain:42 - Student Details?= Id: 2, Name: Editor 102, Roll No.: 102, Course: Bachelor Of Technology
2017-08-22 21:58:32 INFO  AppMain:42 - Student Details?= Id: 3, Name: Editor 103, Roll No.: 103, Course: Bachelor Of Technology
2017-08-22 21:58:32 INFO  AppMain:42 - Student Details?= Id: 4, Name: Editor 104, Roll No.: 104, Course: Bachelor Of Technology
2017-08-22 21:58:32 INFO  AppMain:45 - 
=======DELETE ALL RECORDS=======

2017-08-22 21:58:33 INFO  DbOperations:187 - 
Successfully Deleted All Records From The Database Table!

2017-08-22 21:58:33 INFO  AppMain:47 - 
=======READ RECORDS AFTER ALL RECORDS DELETION=======
2017-08-22 21:58:33 INFO  AppMain:50 - 
No Records Are Present In The Database Table!

2022-03-12 19:02:01 INFO  AppMain:12 - .......Hibernate Crud Operations Example.......

2022-03-12 19:02:01 INFO  AppMain:14 - 
=======CREATE RECORDS=======

2022-03-12 19:02:04 INFO  DbOperations:57 - 
Successfully Created '5' Records In The Database!

2022-03-12 19:02:04 INFO  AppMain:17 - 
=======READ RECORDS=======

2022-03-12 19:02:05 INFO  AppMain:21 - Student Details?= Id: 1, Name: Editor 101, Roll No.: 101, Course: Bachelor Of Technology
2022-03-12 19:02:05 INFO  AppMain:21 - Student Details?= Id: 2, Name: Editor 102, Roll No.: 102, Course: Bachelor Of Technology
2022-03-12 19:02:05 INFO  AppMain:21 - Student Details?= Id: 3, Name: Editor 103, Roll No.: 103, Course: Bachelor Of Technology
2022-03-12 19:02:05 INFO  AppMain:21 - Student Details?= Id: 4, Name: Editor 104, Roll No.: 104, Course: Bachelor Of Technology
2022-03-12 19:02:05 INFO  AppMain:21 - Student Details?= Id: 5, Name: Editor 105, Roll No.: 105, Course: Bachelor Of Technology
2022-03-12 19:02:05 INFO  AppMain:25 - 
=======UPDATE RECORDS=======

2022-03-12 19:02:05 INFO  DbOperations:111 - 
Student With Id?= 1 Is Successfully Updated In The Database!

2022-03-12 19:02:05 INFO  AppMain:28 - 
=======READ RECORDS AFTER UPDATION=======

2022-03-12 19:02:06 INFO  AppMain:32 - Student Details?= Id: 1, Name: Java Code Geek, Roll No.: 101, Course: Masters Of Technology
2022-03-12 19:02:06 INFO  AppMain:32 - Student Details?= Id: 2, Name: Editor 102, Roll No.: 102, Course: Bachelor Of Technology
2022-03-12 19:02:06 INFO  AppMain:32 - Student Details?= Id: 3, Name: Editor 103, Roll No.: 103, Course: Bachelor Of Technology
2022-03-12 19:02:06 INFO  AppMain:32 - Student Details?= Id: 4, Name: Editor 104, Roll No.: 104, Course: Bachelor Of Technology
2022-03-12 19:02:06 INFO  AppMain:32 - Student Details?= Id: 5, Name: Editor 105, Roll No.: 105, Course: Bachelor Of Technology
2022-03-12 19:02:06 INFO  AppMain:36 - 
=======DELETE RECORD=======

2022-03-12 19:02:07 INFO  DbOperations:138 - 
Student With Id?= 5 Is Successfully Deleted From The Database!

2022-03-12 19:02:07 INFO  AppMain:39 - 
=======READ RECORDS AFTER DELETION=======

2022-03-12 19:02:07 INFO  AppMain:42 - Student Details?= Id: 1, Name: Java Code Geek, Roll No.: 101, Course: Masters Of Technology
2022-03-12 19:02:07 INFO  AppMain:42 - Student Details?= Id: 2, Name: Editor 102, Roll No.: 102, Course: Bachelor Of Technology
2022-03-12 19:02:07 INFO  AppMain:42 - Student Details?= Id: 3, Name: Editor 103, Roll No.: 103, Course: Bachelor Of Technology
2022-03-12 19:02:07 INFO  AppMain:42 - Student Details?= Id: 4, Name: Editor 104, Roll No.: 104, Course: Bachelor Of Technology
2022-03-13 16:55:57 INFO  AppMain:12 - .......Hibernate Crud Operations Example.......

2022-03-13 16:55:57 INFO  AppMain:14 - 
=======CREATE RECORDS=======

2022-03-13 16:56:01 INFO  DbOperations:57 - 
Successfully Created '5' Records In The Database!

2022-03-13 16:56:01 INFO  AppMain:17 - 
=======READ RECORDS=======

2022-03-13 16:56:02 INFO  AppMain:21 - Student Details?= Id: 6, Name: Editor 101, Roll No.: 101, Course: Bachelor Of Technology
2022-03-13 16:56:02 INFO  AppMain:21 - Student Details?= Id: 7, Name: Editor 102, Roll No.: 102, Course: Bachelor Of Technology
2022-03-13 16:56:02 INFO  AppMain:21 - Student Details?= Id: 8, Name: Editor 103, Roll No.: 103, Course: Bachelor Of Technology
2022-03-13 16:56:02 INFO  AppMain:21 - Student Details?= Id: 9, Name: Editor 104, Roll No.: 104, Course: Bachelor Of Technology
2022-03-13 16:56:02 INFO  AppMain:21 - Student Details?= Id: 10, Name: Editor 105, Roll No.: 105, Course: Bachelor Of Technology
2022-03-13 16:56:02 INFO  AppMain:25 - 
=======UPDATE RECORDS=======

2022-03-13 16:56:02 INFO  DbOperations:114 - 
.......Transaction Is Being Rolled Back.......

2022-03-13 16:56:02 INFO  AppMain:28 - 
=======READ RECORDS AFTER UPDATION=======

2022-03-13 16:56:03 INFO  AppMain:32 - Student Details?= Id: 6, Name: Editor 101, Roll No.: 101, Course: Bachelor Of Technology
2022-03-13 16:56:03 INFO  AppMain:32 - Student Details?= Id: 7, Name: Editor 102, Roll No.: 102, Course: Bachelor Of Technology
2022-03-13 16:56:03 INFO  AppMain:32 - Student Details?= Id: 8, Name: Editor 103, Roll No.: 103, Course: Bachelor Of Technology
2022-03-13 16:56:03 INFO  AppMain:32 - Student Details?= Id: 9, Name: Editor 104, Roll No.: 104, Course: Bachelor Of Technology
2022-03-13 16:56:03 INFO  AppMain:32 - Student Details?= Id: 10, Name: Editor 105, Roll No.: 105, Course: Bachelor Of Technology
2022-03-13 16:56:03 INFO  AppMain:36 - 
=======DELETE RECORD=======

2022-03-13 16:56:03 INFO  DbOperations:141 - 
.......Transaction Is Being Rolled Back.......

2022-03-13 16:56:03 INFO  AppMain:39 - 
=======READ RECORDS AFTER DELETION=======

2022-03-13 16:56:04 INFO  AppMain:42 - Student Details?= Id: 6, Name: Editor 101, Roll No.: 101, Course: Bachelor Of Technology
2022-03-13 16:56:04 INFO  AppMain:42 - Student Details?= Id: 7, Name: Editor 102, Roll No.: 102, Course: Bachelor Of Technology
2022-03-13 16:56:04 INFO  AppMain:42 - Student Details?= Id: 8, Name: Editor 103, Roll No.: 103, Course: Bachelor Of Technology
2022-03-13 16:56:04 INFO  AppMain:42 - Student Details?= Id: 9, Name: Editor 104, Roll No.: 104, Course: Bachelor Of Technology
2022-03-13 16:56:04 INFO  AppMain:42 - Student Details?= Id: 10, Name: Editor 105, Roll No.: 105, Course: Bachelor Of Technology
2022-03-13 17:30:06 INFO  AppMain:12 - .......Hibernate Crud Operations Example.......

2022-03-13 17:30:06 INFO  AppMain:14 - 
=======CREATE RECORDS=======

2022-03-13 17:30:09 INFO  DbOperations:57 - 
Successfully Created '5' Records In The Database!

2022-03-13 17:30:09 INFO  AppMain:17 - 
=======READ RECORDS=======

2022-03-13 17:30:09 INFO  DbOperations:84 - 
.......Transaction Is Being Rolled Back.......

2022-03-13 17:30:09 INFO  AppMain:25 - 
=======UPDATE RECORDS=======

2022-03-13 17:30:10 INFO  DbOperations:111 - 
Contato With Id?= 1 Is Successfully Updated In The Database!

2022-03-13 17:30:10 INFO  AppMain:28 - 
=======READ RECORDS AFTER UPDATION=======

2022-03-13 17:30:10 INFO  DbOperations:84 - 
.......Transaction Is Being Rolled Back.......

2022-03-13 17:30:10 INFO  AppMain:36 - 
=======DELETE RECORD=======

2022-03-13 17:30:11 INFO  DbOperations:138 - 
Contato With Id?= 5 Is Successfully Deleted From The Database!

2022-03-13 17:30:11 INFO  AppMain:39 - 
=======READ RECORDS AFTER DELETION=======

2022-03-13 17:30:11 INFO  DbOperations:84 - 
.......Transaction Is Being Rolled Back.......

2022-03-13 17:37:11 INFO  AppMain:12 - .......Hibernate Crud Operations Example.......

2022-03-13 17:37:11 INFO  AppMain:14 - 
=======CREATE RECORDS=======

2022-03-13 17:37:14 INFO  DbOperations:57 - 
Successfully Created '5' Records In The Database!

2022-03-13 17:37:14 INFO  AppMain:17 - 
=======READ RECORDS=======

2022-03-13 17:37:14 INFO  DbOperations:84 - 
.......Transaction Is Being Rolled Back.......

2022-03-13 17:37:14 INFO  AppMain:25 - 
=======UPDATE RECORDS=======

2022-03-13 17:37:15 INFO  DbOperations:111 - 
Contato With Id?= 1 Is Successfully Updated In The Database!

2022-03-13 17:37:15 INFO  AppMain:28 - 
=======READ RECORDS AFTER UPDATION=======

2022-03-13 17:37:15 INFO  DbOperations:84 - 
.......Transaction Is Being Rolled Back.......

2022-03-13 17:37:15 INFO  AppMain:36 - 
=======DELETE RECORD=======

2022-03-13 17:37:16 INFO  DbOperations:141 - 
.......Transaction Is Being Rolled Back.......

2022-03-13 17:37:16 INFO  AppMain:39 - 
=======READ RECORDS AFTER DELETION=======

2022-03-13 17:37:16 INFO  DbOperations:84 - 
.......Transaction Is Being Rolled Back.......

2022-03-13 17:39:26 INFO  AppMain:12 - .......Hibernate Crud Operations Example.......

2022-03-13 17:39:26 INFO  AppMain:14 - 
=======CREATE RECORDS=======

2022-03-13 17:39:29 INFO  DbOperations:57 - 
Successfully Created '5' Records In The Database!

2022-03-13 17:39:29 INFO  AppMain:17 - 
=======READ RECORDS=======

2022-03-13 17:39:29 INFO  AppMain:21 - Contato Details?= Id: 1, Nome: Jose, REndereco: AV AAA, 777, Telefone: (31)9999-8877
2022-03-13 17:39:29 INFO  AppMain:21 - Contato Details?= Id: 2, Nome: aluno 102, REndereco: RUA XXXXX, 999, Telefone: (31)9999-8877
2022-03-13 17:39:29 INFO  AppMain:21 - Contato Details?= Id: 3, Nome: aluno 103, REndereco: RUA XXXXX, 999, Telefone: (31)9999-8877
2022-03-13 17:39:29 INFO  AppMain:21 - Contato Details?= Id: 4, Nome: aluno 104, REndereco: RUA XXXXX, 999, Telefone: (31)9999-8877
2022-03-13 17:39:29 INFO  AppMain:21 - Contato Details?= Id: 6, Nome: aluno 101, REndereco: RUA XXXXX, 999, Telefone: (31)9999-8877
2022-03-13 17:39:29 INFO  AppMain:21 - Contato Details?= Id: 7, Nome: aluno 102, REndereco: RUA XXXXX, 999, Telefone: (31)9999-8877
2022-03-13 17:39:29 INFO  AppMain:21 - Contato Details?= Id: 8, Nome: aluno 103, REndereco: RUA XXXXX, 999, Telefone: (31)9999-8877
2022-03-13 17:39:29 INFO  AppMain:21 - Contato Details?= Id: 9, Nome: aluno 104, REndereco: RUA XXXXX, 999, Telefone: (31)9999-8877
2022-03-13 17:39:29 INFO  AppMain:21 - Contato Details?= Id: 10, Nome: aluno 105, REndereco: RUA XXXXX, 999, Telefone: (31)9999-8877
2022-03-13 17:39:29 INFO  AppMain:21 - Contato Details?= Id: 11, Nome: aluno 101, REndereco: RUA XXXXX, 999, Telefone: (31)9999-8877
2022-03-13 17:39:29 INFO  AppMain:21 - Contato Details?= Id: 12, Nome: aluno 102, REndereco: RUA XXXXX, 999, Telefone: (31)9999-8877
2022-03-13 17:39:29 INFO  AppMain:21 - Contato Details?= Id: 13, Nome: aluno 103, REndereco: RUA XXXXX, 999, Telefone: (31)9999-8877
2022-03-13 17:39:29 INFO  AppMain:21 - Contato Details?= Id: 14, Nome: aluno 104, REndereco: RUA XXXXX, 999, Telefone: (31)9999-8877
2022-03-13 17:39:29 INFO  AppMain:21 - Contato Details?= Id: 15, Nome: aluno 105, REndereco: RUA XXXXX, 999, Telefone: (31)9999-8877
2022-03-13 17:39:29 INFO  AppMain:25 - 
=======UPDATE RECORDS=======

2022-03-13 17:39:29 INFO  DbOperations:111 - 
Contato With Id?= 1 Is Successfully Updated In The Database!

2022-03-13 17:39:29 INFO  AppMain:28 - 
=======READ RECORDS AFTER UPDATION=======

2022-03-13 17:39:30 INFO  AppMain:32 - Contato Details?= Id: 1, Nome: Jose, REndereco: AV AAA, 777, Telefone: (31)9999-8877
2022-03-13 17:39:30 INFO  AppMain:32 - Contato Details?= Id: 2, Nome: aluno 102, REndereco: RUA XXXXX, 999, Telefone: (31)9999-8877
2022-03-13 17:39:30 INFO  AppMain:32 - Contato Details?= Id: 3, Nome: aluno 103, REndereco: RUA XXXXX, 999, Telefone: (31)9999-8877
2022-03-13 17:39:30 INFO  AppMain:32 - Contato Details?= Id: 4, Nome: aluno 104, REndereco: RUA XXXXX, 999, Telefone: (31)9999-8877
2022-03-13 17:39:30 INFO  AppMain:32 - Contato Details?= Id: 6, Nome: aluno 101, REndereco: RUA XXXXX, 999, Telefone: (31)9999-8877
2022-03-13 17:39:30 INFO  AppMain:32 - Contato Details?= Id: 7, Nome: aluno 102, REndereco: RUA XXXXX, 999, Telefone: (31)9999-8877
2022-03-13 17:39:30 INFO  AppMain:32 - Contato Details?= Id: 8, Nome: aluno 103, REndereco: RUA XXXXX, 999, Telefone: (31)9999-8877
2022-03-13 17:39:30 INFO  AppMain:32 - Contato Details?= Id: 9, Nome: aluno 104, REndereco: RUA XXXXX, 999, Telefone: (31)9999-8877
2022-03-13 17:39:30 INFO  AppMain:32 - Contato Details?= Id: 10, Nome: aluno 105, REndereco: RUA XXXXX, 999, Telefone: (31)9999-8877
2022-03-13 17:39:30 INFO  AppMain:32 - Contato Details?= Id: 11, Nome: aluno 101, REndereco: RUA XXXXX, 999, Telefone: (31)9999-8877
2022-03-13 17:39:30 INFO  AppMain:32 - Contato Details?= Id: 12, Nome: aluno 102, REndereco: RUA XXXXX, 999, Telefone: (31)9999-8877
2022-03-13 17:39:30 INFO  AppMain:32 - Contato Details?= Id: 13, Nome: aluno 103, REndereco: RUA XXXXX, 999, Telefone: (31)9999-8877
2022-03-13 17:39:30 INFO  AppMain:32 - Contato Details?= Id: 14, Nome: aluno 104, REndereco: RUA XXXXX, 999, Telefone: (31)9999-8877
2022-03-13 17:39:30 INFO  AppMain:32 - Contato Details?= Id: 15, Nome: aluno 105, REndereco: RUA XXXXX, 999, Telefone: (31)9999-8877
2022-03-13 17:39:30 INFO  AppMain:36 - 
=======DELETE RECORD=======

2022-03-13 17:39:30 INFO  DbOperations:141 - 
.......Transaction Is Being Rolled Back.......

2022-03-13 17:39:30 INFO  AppMain:39 - 
=======READ RECORDS AFTER DELETION=======

2022-03-13 17:39:30 INFO  AppMain:42 - Contato Details?= Id: 1, Nome: Jose, REndereco: AV AAA, 777, Telefone: (31)9999-8877
2022-03-13 17:39:30 INFO  AppMain:42 - Contato Details?= Id: 2, Nome: aluno 102, REndereco: RUA XXXXX, 999, Telefone: (31)9999-8877
2022-03-13 17:39:30 INFO  AppMain:42 - Contato Details?= Id: 3, Nome: aluno 103, REndereco: RUA XXXXX, 999, Telefone: (31)9999-8877
2022-03-13 17:39:30 INFO  AppMain:42 - Contato Details?= Id: 4, Nome: aluno 104, REndereco: RUA XXXXX, 999, Telefone: (31)9999-8877
2022-03-13 17:39:30 INFO  AppMain:42 - Contato Details?= Id: 6, Nome: aluno 101, REndereco: RUA XXXXX, 999, Telefone: (31)9999-8877
2022-03-13 17:39:30 INFO  AppMain:42 - Contato Details?= Id: 7, Nome: aluno 102, REndereco: RUA XXXXX, 999, Telefone: (31)9999-8877
2022-03-13 17:39:30 INFO  AppMain:42 - Contato Details?= Id: 8, Nome: aluno 103, REndereco: RUA XXXXX, 999, Telefone: (31)9999-8877
2022-03-13 17:39:30 INFO  AppMain:42 - Contato Details?= Id: 9, Nome: aluno 104, REndereco: RUA XXXXX, 999, Telefone: (31)9999-8877
2022-03-13 17:39:30 INFO  AppMain:42 - Contato Details?= Id: 10, Nome: aluno 105, REndereco: RUA XXXXX, 999, Telefone: (31)9999-8877
2022-03-13 17:39:30 INFO  AppMain:42 - Contato Details?= Id: 11, Nome: aluno 101, REndereco: RUA XXXXX, 999, Telefone: (31)9999-8877
2022-03-13 17:39:30 INFO  AppMain:42 - Contato Details?= Id: 12, Nome: aluno 102, REndereco: RUA XXXXX, 999, Telefone: (31)9999-8877
2022-03-13 17:39:30 INFO  AppMain:42 - Contato Details?= Id: 13, Nome: aluno 103, REndereco: RUA XXXXX, 999, Telefone: (31)9999-8877
2022-03-13 17:39:30 INFO  AppMain:42 - Contato Details?= Id: 14, Nome: aluno 104, REndereco: RUA XXXXX, 999, Telefone: (31)9999-8877
2022-03-13 17:39:30 INFO  AppMain:42 - Contato Details?= Id: 15, Nome: aluno 105, REndereco: RUA XXXXX, 999, Telefone: (31)9999-8877
2022-03-13 17:41:58 INFO  AppMain:12 - .......Hibernate Crud Operations Example.......

2022-03-13 17:41:58 INFO  AppMain:14 - 
=======CREATE RECORDS=======

2022-03-13 17:42:01 INFO  DbOperations:57 - 
Successfully Created '5' Records In The Database!

2022-03-13 17:42:01 INFO  AppMain:17 - 
=======READ RECORDS=======

2022-03-13 17:42:02 INFO  AppMain:21 - Contato Details?= Id: 1, Nome: Jose, REndereco: AV AAA, 777, Telefone: (31)9999-8877
2022-03-13 17:42:02 INFO  AppMain:21 - Contato Details?= Id: 2, Nome: aluno 102, REndereco: RUA XXXXX, 999, Telefone: (31)9999-8877
2022-03-13 17:42:02 INFO  AppMain:21 - Contato Details?= Id: 3, Nome: aluno 103, REndereco: RUA XXXXX, 999, Telefone: (31)9999-8877
2022-03-13 17:42:02 INFO  AppMain:21 - Contato Details?= Id: 4, Nome: aluno 104, REndereco: RUA XXXXX, 999, Telefone: (31)9999-8877
2022-03-13 17:42:02 INFO  AppMain:21 - Contato Details?= Id: 6, Nome: aluno 101, REndereco: RUA XXXXX, 999, Telefone: (31)9999-8877
2022-03-13 17:42:02 INFO  AppMain:21 - Contato Details?= Id: 7, Nome: aluno 102, REndereco: RUA XXXXX, 999, Telefone: (31)9999-8877
2022-03-13 17:42:02 INFO  AppMain:21 - Contato Details?= Id: 8, Nome: aluno 103, REndereco: RUA XXXXX, 999, Telefone: (31)9999-8877
2022-03-13 17:42:02 INFO  AppMain:21 - Contato Details?= Id: 9, Nome: aluno 104, REndereco: RUA XXXXX, 999, Telefone: (31)9999-8877
2022-03-13 17:42:02 INFO  AppMain:21 - Contato Details?= Id: 10, Nome: aluno 105, REndereco: RUA XXXXX, 999, Telefone: (31)9999-8877
2022-03-13 17:42:02 INFO  AppMain:21 - Contato Details?= Id: 11, Nome: aluno 101, REndereco: RUA XXXXX, 999, Telefone: (31)9999-8877
2022-03-13 17:42:02 INFO  AppMain:21 - Contato Details?= Id: 12, Nome: aluno 102, REndereco: RUA XXXXX, 999, Telefone: (31)9999-8877
2022-03-13 17:42:02 INFO  AppMain:21 - Contato Details?= Id: 13, Nome: aluno 103, REndereco: RUA XXXXX, 999, Telefone: (31)9999-8877
2022-03-13 17:42:02 INFO  AppMain:21 - Contato Details?= Id: 14, Nome: aluno 104, REndereco: RUA XXXXX, 999, Telefone: (31)9999-8877
2022-03-13 17:42:02 INFO  AppMain:21 - Contato Details?= Id: 15, Nome: aluno 105, REndereco: RUA XXXXX, 999, Telefone: (31)9999-8877
2022-03-13 17:42:02 INFO  AppMain:21 - Contato Details?= Id: 16, Nome: aluno 101, REndereco: RUA XXXXX, 999, Telefone: (31)9999-8877
2022-03-13 17:42:02 INFO  AppMain:21 - Contato Details?= Id: 17, Nome: aluno 102, REndereco: RUA XXXXX, 999, Telefone: (31)9999-8877
2022-03-13 17:42:02 INFO  AppMain:21 - Contato Details?= Id: 18, Nome: aluno 103, REndereco: RUA XXXXX, 999, Telefone: (31)9999-8877
2022-03-13 17:42:02 INFO  AppMain:21 - Contato Details?= Id: 19, Nome: aluno 104, REndereco: RUA XXXXX, 999, Telefone: (31)9999-8877
2022-03-13 17:42:02 INFO  AppMain:21 - Contato Details?= Id: 20, Nome: aluno 105, REndereco: RUA XXXXX, 999, Telefone: (31)9999-8877
2022-03-13 17:42:02 INFO  AppMain:25 - 
=======UPDATE RECORDS=======

2022-03-13 17:42:02 INFO  DbOperations:111 - 
Contato With Id?= 1 Is Successfully Updated In The Database!

2022-03-13 17:42:02 INFO  AppMain:28 - 
=======READ RECORDS AFTER UPDATION=======

2022-03-13 17:42:02 INFO  AppMain:32 - Contato Details?= Id: 1, Nome: Jose, REndereco: AV AAA, 777, Telefone: (31)9999-8877
2022-03-13 17:42:02 INFO  AppMain:32 - Contato Details?= Id: 2, Nome: aluno 102, REndereco: RUA XXXXX, 999, Telefone: (31)9999-8877
2022-03-13 17:42:02 INFO  AppMain:32 - Contato Details?= Id: 3, Nome: aluno 103, REndereco: RUA XXXXX, 999, Telefone: (31)9999-8877
2022-03-13 17:42:02 INFO  AppMain:32 - Contato Details?= Id: 4, Nome: aluno 104, REndereco: RUA XXXXX, 999, Telefone: (31)9999-8877
2022-03-13 17:42:02 INFO  AppMain:32 - Contato Details?= Id: 6, Nome: aluno 101, REndereco: RUA XXXXX, 999, Telefone: (31)9999-8877
2022-03-13 17:42:02 INFO  AppMain:32 - Contato Details?= Id: 7, Nome: aluno 102, REndereco: RUA XXXXX, 999, Telefone: (31)9999-8877
2022-03-13 17:42:02 INFO  AppMain:32 - Contato Details?= Id: 8, Nome: aluno 103, REndereco: RUA XXXXX, 999, Telefone: (31)9999-8877
2022-03-13 17:42:02 INFO  AppMain:32 - Contato Details?= Id: 9, Nome: aluno 104, REndereco: RUA XXXXX, 999, Telefone: (31)9999-8877
2022-03-13 17:42:02 INFO  AppMain:32 - Contato Details?= Id: 10, Nome: aluno 105, REndereco: RUA XXXXX, 999, Telefone: (31)9999-8877
2022-03-13 17:42:02 INFO  AppMain:32 - Contato Details?= Id: 11, Nome: aluno 101, REndereco: RUA XXXXX, 999, Telefone: (31)9999-8877
2022-03-13 17:42:02 INFO  AppMain:32 - Contato Details?= Id: 12, Nome: aluno 102, REndereco: RUA XXXXX, 999, Telefone: (31)9999-8877
2022-03-13 17:42:02 INFO  AppMain:32 - Contato Details?= Id: 13, Nome: aluno 103, REndereco: RUA XXXXX, 999, Telefone: (31)9999-8877
2022-03-13 17:42:02 INFO  AppMain:32 - Contato Details?= Id: 14, Nome: aluno 104, REndereco: RUA XXXXX, 999, Telefone: (31)9999-8877
2022-03-13 17:42:02 INFO  AppMain:32 - Contato Details?= Id: 15, Nome: aluno 105, REndereco: RUA XXXXX, 999, Telefone: (31)9999-8877
2022-03-13 17:42:02 INFO  AppMain:32 - Contato Details?= Id: 16, Nome: aluno 101, REndereco: RUA XXXXX, 999, Telefone: (31)9999-8877
2022-03-13 17:42:02 INFO  AppMain:32 - Contato Details?= Id: 17, Nome: aluno 102, REndereco: RUA XXXXX, 999, Telefone: (31)9999-8877
2022-03-13 17:42:02 INFO  AppMain:32 - Contato Details?= Id: 18, Nome: aluno 103, REndereco: RUA XXXXX, 999, Telefone: (31)9999-8877
2022-03-13 17:42:02 INFO  AppMain:32 - Contato Details?= Id: 19, Nome: aluno 104, REndereco: RUA XXXXX, 999, Telefone: (31)9999-8877
2022-03-13 17:42:02 INFO  AppMain:32 - Contato Details?= Id: 20, Nome: aluno 105, REndereco: RUA XXXXX, 999, Telefone: (31)9999-8877
2022-03-13 17:42:02 INFO  AppMain:36 - 
=======DELETE RECORD=======

2022-03-13 17:42:03 INFO  DbOperations:141 - 
.......Transaction Is Being Rolled Back.......

2022-03-13 17:42:03 INFO  AppMain:39 - 
=======READ RECORDS AFTER DELETION=======

2022-03-13 17:42:03 INFO  AppMain:42 - Contato Details?= Id: 1, Nome: Jose, REndereco: AV AAA, 777, Telefone: (31)9999-8877
2022-03-13 17:42:03 INFO  AppMain:42 - Contato Details?= Id: 2, Nome: aluno 102, REndereco: RUA XXXXX, 999, Telefone: (31)9999-8877
2022-03-13 17:42:03 INFO  AppMain:42 - Contato Details?= Id: 3, Nome: aluno 103, REndereco: RUA XXXXX, 999, Telefone: (31)9999-8877
2022-03-13 17:42:03 INFO  AppMain:42 - Contato Details?= Id: 4, Nome: aluno 104, REndereco: RUA XXXXX, 999, Telefone: (31)9999-8877
2022-03-13 17:42:03 INFO  AppMain:42 - Contato Details?= Id: 6, Nome: aluno 101, REndereco: RUA XXXXX, 999, Telefone: (31)9999-8877
2022-03-13 17:42:03 INFO  AppMain:42 - Contato Details?= Id: 7, Nome: aluno 102, REndereco: RUA XXXXX, 999, Telefone: (31)9999-8877
2022-03-13 17:42:03 INFO  AppMain:42 - Contato Details?= Id: 8, Nome: aluno 103, REndereco: RUA XXXXX, 999, Telefone: (31)9999-8877
2022-03-13 17:42:03 INFO  AppMain:42 - Contato Details?= Id: 9, Nome: aluno 104, REndereco: RUA XXXXX, 999, Telefone: (31)9999-8877
2022-03-13 17:42:03 INFO  AppMain:42 - Contato Details?= Id: 10, Nome: aluno 105, REndereco: RUA XXXXX, 999, Telefone: (31)9999-8877
2022-03-13 17:42:03 INFO  AppMain:42 - Contato Details?= Id: 11, Nome: aluno 101, REndereco: RUA XXXXX, 999, Telefone: (31)9999-8877
2022-03-13 17:42:03 INFO  AppMain:42 - Contato Details?= Id: 12, Nome: aluno 102, REndereco: RUA XXXXX, 999, Telefone: (31)9999-8877
2022-03-13 17:42:03 INFO  AppMain:42 - Contato Details?= Id: 13, Nome: aluno 103, REndereco: RUA XXXXX, 999, Telefone: (31)9999-8877
2022-03-13 17:42:03 INFO  AppMain:42 - Contato Details?= Id: 14, Nome: aluno 104, REndereco: RUA XXXXX, 999, Telefone: (31)9999-8877
2022-03-13 17:42:03 INFO  AppMain:42 - Contato Details?= Id: 15, Nome: aluno 105, REndereco: RUA XXXXX, 999, Telefone: (31)9999-8877
2022-03-13 17:42:03 INFO  AppMain:42 - Contato Details?= Id: 16, Nome: aluno 101, REndereco: RUA XXXXX, 999, Telefone: (31)9999-8877
2022-03-13 17:42:03 INFO  AppMain:42 - Contato Details?= Id: 17, Nome: aluno 102, REndereco: RUA XXXXX, 999, Telefone: (31)9999-8877
2022-03-13 17:42:03 INFO  AppMain:42 - Contato Details?= Id: 18, Nome: aluno 103, REndereco: RUA XXXXX, 999, Telefone: (31)9999-8877
2022-03-13 17:42:03 INFO  AppMain:42 - Contato Details?= Id: 19, Nome: aluno 104, REndereco: RUA XXXXX, 999, Telefone: (31)9999-8877
2022-03-13 17:42:03 INFO  AppMain:42 - Contato Details?= Id: 20, Nome: aluno 105, REndereco: RUA XXXXX, 999, Telefone: (31)9999-8877
2023-02-28 22:40:43 INFO  AppMain:12 - .......Hibernate Crud Operations Example.......

2023-02-28 22:40:43 INFO  AppMain:14 - 
=======CREATE RECORDS=======

2023-02-28 22:43:19 INFO  AppMain:12 - .......Hibernate Crud Operations Example.......

2023-02-28 22:43:19 INFO  AppMain:14 - 
=======CREATE RECORDS=======

2023-02-28 22:44:41 INFO  AppMain:12 - .......Hibernate Crud Operations Example.......

2023-02-28 22:44:41 INFO  AppMain:14 - 
=======CREATE RECORDS=======

2023-02-28 22:47:34 INFO  AppMain:12 - .......Hibernate Crud Operations Example.......

2023-02-28 22:47:34 INFO  AppMain:14 - 
=======CREATE RECORDS=======

2023-02-28 22:49:52 INFO  AppMain:12 - .......Hibernate Crud Operations Example.......

2023-02-28 22:49:52 INFO  AppMain:14 - 
=======CREATE RECORDS=======

2023-02-28 22:50:02 INFO  AppMain:12 - .......Hibernate Crud Operations Example.......

2023-02-28 22:50:02 INFO  AppMain:14 - 
=======CREATE RECORDS=======

2023-02-28 22:53:02 INFO  AppMain:12 - .......Hibernate Crud Operations Example.......

2023-02-28 22:53:02 INFO  AppMain:14 - 
=======CREATE RECORDS=======

2023-03-02 07:37:23 INFO  AppMain:12 - .......Hibernate Crud Operations Example.......

2023-03-02 07:37:23 INFO  AppMain:14 - 
=======CREATE RECORDS=======

2023-03-02 07:42:21 INFO  AppMain:12 - .......Hibernate Crud Operations Example.......

2023-03-02 07:42:21 INFO  AppMain:14 - 
=======CREATE RECORDS=======

2023-03-02 07:42:23 INFO  DbOperations:57 - 
Successfully Created '5' Records In The Database!

2023-03-02 07:42:23 INFO  AppMain:17 - 
=======READ RECORDS=======

2023-03-02 07:42:23 INFO  AppMain:21 - Contato Details?= Id: 51, Nome: aluno 101, REndereco: RUA XXXXX, 999, Telefone: (31)9999-8877
2023-03-02 07:42:23 INFO  AppMain:21 - Contato Details?= Id: 52, Nome: aluno 102, REndereco: RUA XXXXX, 999, Telefone: (31)9999-8877
2023-03-02 07:42:23 INFO  AppMain:21 - Contato Details?= Id: 53, Nome: aluno 103, REndereco: RUA XXXXX, 999, Telefone: (31)9999-8877
2023-03-02 07:42:23 INFO  AppMain:21 - Contato Details?= Id: 54, Nome: aluno 104, REndereco: RUA XXXXX, 999, Telefone: (31)9999-8877
2023-03-02 07:42:23 INFO  AppMain:21 - Contato Details?= Id: 55, Nome: aluno 105, REndereco: RUA XXXXX, 999, Telefone: (31)9999-8877
2023-03-02 07:42:23 INFO  AppMain:25 - 
=======UPDATE RECORDS=======

2023-03-02 07:42:24 INFO  DbOperations:114 - 
.......Transaction Is Being Rolled Back.......

2023-03-02 07:42:24 INFO  AppMain:28 - 
=======READ RECORDS AFTER UPDATION=======

2023-03-02 07:42:24 INFO  AppMain:32 - Contato Details?= Id: 51, Nome: aluno 101, REndereco: RUA XXXXX, 999, Telefone: (31)9999-8877
2023-03-02 07:42:24 INFO  AppMain:32 - Contato Details?= Id: 52, Nome: aluno 102, REndereco: RUA XXXXX, 999, Telefone: (31)9999-8877
2023-03-02 07:42:24 INFO  AppMain:32 - Contato Details?= Id: 53, Nome: aluno 103, REndereco: RUA XXXXX, 999, Telefone: (31)9999-8877
2023-03-02 07:42:24 INFO  AppMain:32 - Contato Details?= Id: 54, Nome: aluno 104, REndereco: RUA XXXXX, 999, Telefone: (31)9999-8877
2023-03-02 07:42:24 INFO  AppMain:32 - Contato Details?= Id: 55, Nome: aluno 105, REndereco: RUA XXXXX, 999, Telefone: (31)9999-8877
2023-03-02 07:42:24 INFO  AppMain:36 - 
=======DELETE RECORD=======

2023-03-02 07:42:25 INFO  DbOperations:141 - 
.......Transaction Is Being Rolled Back.......

2023-03-02 07:42:25 INFO  AppMain:39 - 
=======READ RECORDS AFTER DELETION=======

2023-03-02 07:42:26 INFO  AppMain:42 - Contato Details?= Id: 51, Nome: aluno 101, REndereco: RUA XXXXX, 999, Telefone: (31)9999-8877
2023-03-02 07:42:26 INFO  AppMain:42 - Contato Details?= Id: 52, Nome: aluno 102, REndereco: RUA XXXXX, 999, Telefone: (31)9999-8877
2023-03-02 07:42:26 INFO  AppMain:42 - Contato Details?= Id: 53, Nome: aluno 103, REndereco: RUA XXXXX, 999, Telefone: (31)9999-8877
2023-03-02 07:42:26 INFO  AppMain:42 - Contato Details?= Id: 54, Nome: aluno 104, REndereco: RUA XXXXX, 999, Telefone: (31)9999-8877
2023-03-02 07:42:26 INFO  AppMain:42 - Contato Details?= Id: 55, Nome: aluno 105, REndereco: RUA XXXXX, 999, Telefone: (31)9999-8877
2023-03-02 07:47:00 INFO  AppMain:12 - .......Hibernate Crud Operations Example.......

2023-03-02 07:47:00 INFO  AppMain:14 - 
=======CREATE RECORDS=======

2023-03-02 07:47:02 INFO  DbOperations:57 - 
Successfully Created '5' Records In The Database!

2023-03-02 07:47:02 INFO  AppMain:17 - 
=======READ RECORDS=======

2023-03-02 07:47:02 INFO  AppMain:21 - Contato Details?= Id: 56, Nome: aluno 101, REndereco: RUA XXXXX, 999, Telefone: (31)9999-8877
2023-03-02 07:47:02 INFO  AppMain:21 - Contato Details?= Id: 57, Nome: aluno 102, REndereco: RUA XXXXX, 999, Telefone: (31)9999-8877
2023-03-02 07:47:02 INFO  AppMain:21 - Contato Details?= Id: 58, Nome: aluno 103, REndereco: RUA XXXXX, 999, Telefone: (31)9999-8877
2023-03-02 07:47:02 INFO  AppMain:21 - Contato Details?= Id: 59, Nome: aluno 104, REndereco: RUA XXXXX, 999, Telefone: (31)9999-8877
2023-03-02 07:47:02 INFO  AppMain:21 - Contato Details?= Id: 60, Nome: aluno 105, REndereco: RUA XXXXX, 999, Telefone: (31)9999-8877
2023-03-02 07:47:02 INFO  AppMain:25 - 
=======UPDATE RECORDS=======

2023-03-02 07:47:03 INFO  DbOperations:114 - 
.......Transaction Is Being Rolled Back.......

2023-03-02 07:47:03 INFO  AppMain:30 - 
=======READ RECORDS AFTER UPDATION=======

2023-03-02 07:47:03 INFO  AppMain:34 - Contato Details?= Id: 56, Nome: aluno 101, REndereco: RUA XXXXX, 999, Telefone: (31)9999-8877
2023-03-02 07:47:03 INFO  AppMain:34 - Contato Details?= Id: 57, Nome: aluno 102, REndereco: RUA XXXXX, 999, Telefone: (31)9999-8877
2023-03-02 07:47:03 INFO  AppMain:34 - Contato Details?= Id: 58, Nome: aluno 103, REndereco: RUA XXXXX, 999, Telefone: (31)9999-8877
2023-03-02 07:47:03 INFO  AppMain:34 - Contato Details?= Id: 59, Nome: aluno 104, REndereco: RUA XXXXX, 999, Telefone: (31)9999-8877
2023-03-02 07:47:03 INFO  AppMain:34 - Contato Details?= Id: 60, Nome: aluno 105, REndereco: RUA XXXXX, 999, Telefone: (31)9999-8877
2023-03-02 07:47:03 INFO  AppMain:38 - 
=======DELETE RECORD=======

2023-03-02 07:47:04 INFO  DbOperations:141 - 
.......Transaction Is Being Rolled Back.......

2023-03-02 07:47:04 INFO  AppMain:41 - 
=======READ RECORDS AFTER DELETION=======

2023-03-02 07:47:04 INFO  AppMain:44 - Contato Details?= Id: 56, Nome: aluno 101, REndereco: RUA XXXXX, 999, Telefone: (31)9999-8877
2023-03-02 07:47:04 INFO  AppMain:44 - Contato Details?= Id: 57, Nome: aluno 102, REndereco: RUA XXXXX, 999, Telefone: (31)9999-8877
2023-03-02 07:47:04 INFO  AppMain:44 - Contato Details?= Id: 58, Nome: aluno 103, REndereco: RUA XXXXX, 999, Telefone: (31)9999-8877
2023-03-02 07:47:04 INFO  AppMain:44 - Contato Details?= Id: 59, Nome: aluno 104, REndereco: RUA XXXXX, 999, Telefone: (31)9999-8877
2023-03-02 07:47:04 INFO  AppMain:44 - Contato Details?= Id: 60, Nome: aluno 105, REndereco: RUA XXXXX, 999, Telefone: (31)9999-8877
2023-03-12 12:56:05 INFO  AppMain:12 - .......Hibernate Crud Operations Example.......

2023-03-12 12:56:05 INFO  AppMain:14 - 
=======CREATE RECORDS=======

2023-03-12 12:56:07 INFO  DbOperations:57 - 
Successfully Created '5' Records In The Database!

2023-03-12 12:56:07 INFO  AppMain:17 - 
=======READ RECORDS=======

2023-03-12 12:56:08 INFO  AppMain:21 - Contato Details?= Id: 2, Nome: , REndereco: , Telefone: 
2023-03-12 12:56:08 INFO  AppMain:21 - Contato Details?= Id: 3, Nome: Java 3, REndereco: RUA JJJ, No. 3, Telefone: (31)9999-2233
2023-03-12 12:56:08 INFO  AppMain:21 - Contato Details?= Id: 4, Nome: Java 4, REndereco: RUA JJJ, No. 4, Telefone: (31)9999-2233
2023-03-12 12:56:08 INFO  AppMain:21 - Contato Details?= Id: 6, Nome: Java Dani, REndereco: RUA JJJ, No. 999999, Telefone: (31)9999-223365261
2023-03-12 12:56:08 INFO  AppMain:21 - Contato Details?= Id: 7, Nome: Java 7, REndereco: RUA JJJ, No. 7, Telefone: (31)9999-2233
2023-03-12 12:56:08 INFO  AppMain:21 - Contato Details?= Id: 8, Nome: Java 8, REndereco: RUA JJJ, No. 8, Telefone: (31)9999-2233
2023-03-12 12:56:08 INFO  AppMain:21 - Contato Details?= Id: 9, Nome: Java 9, REndereco: RUA JJJ, No. 9, Telefone: (31)9999-2233
2023-03-12 12:56:08 INFO  AppMain:21 - Contato Details?= Id: 10, Nome: Java 10, REndereco: RUA JJJ, No. 10, Telefone: (31)9999-2233
2023-03-12 12:56:08 INFO  AppMain:21 - Contato Details?= Id: 63, Nome: José , REndereco: RUA atualizada!, Telefone: 31888888888
2023-03-12 12:56:08 INFO  AppMain:21 - Contato Details?= Id: 66, Nome: aluno 101, REndereco: RUA XXXXX, 999, Telefone: (31)9999-8877
2023-03-12 12:56:08 INFO  AppMain:21 - Contato Details?= Id: 67, Nome: aluno 102, REndereco: RUA XXXXX, 999, Telefone: (31)9999-8877
2023-03-12 12:56:08 INFO  AppMain:21 - Contato Details?= Id: 68, Nome: aluno 103, REndereco: RUA XXXXX, 999, Telefone: (31)9999-8877
2023-03-12 12:56:08 INFO  AppMain:21 - Contato Details?= Id: 69, Nome: aluno 104, REndereco: RUA XXXXX, 999, Telefone: (31)9999-8877
2023-03-12 12:56:08 INFO  AppMain:21 - Contato Details?= Id: 70, Nome: aluno 105, REndereco: RUA XXXXX, 999, Telefone: (31)9999-8877
2023-03-12 12:56:08 INFO  AppMain:21 - Contato Details?= Id: 71, Nome: aluno 101, REndereco: RUA XXXXX, 999, Telefone: (31)9999-8877
2023-03-12 12:56:08 INFO  AppMain:21 - Contato Details?= Id: 72, Nome: aluno 102, REndereco: RUA XXXXX, 999, Telefone: (31)9999-8877
2023-03-12 12:56:08 INFO  AppMain:21 - Contato Details?= Id: 73, Nome: aluno 103, REndereco: RUA XXXXX, 999, Telefone: (31)9999-8877
2023-03-12 12:56:08 INFO  AppMain:21 - Contato Details?= Id: 74, Nome: aluno 104, REndereco: RUA XXXXX, 999, Telefone: (31)9999-8877
2023-03-12 12:56:08 INFO  AppMain:21 - Contato Details?= Id: 75, Nome: aluno 105, REndereco: RUA XXXXX, 999, Telefone: (31)9999-8877
2023-03-12 12:56:08 INFO  AppMain:21 - Contato Details?= Id: 76, Nome: aluno 101, REndereco: RUA XXXXX, 999, Telefone: (31)9999-8877
2023-03-12 12:56:08 INFO  AppMain:21 - Contato Details?= Id: 77, Nome: aluno 102, REndereco: RUA XXXXX, 999, Telefone: (31)9999-8877
2023-03-12 12:56:08 INFO  AppMain:21 - Contato Details?= Id: 78, Nome: aluno 103, REndereco: RUA XXXXX, 999, Telefone: (31)9999-8877
2023-03-12 12:56:08 INFO  AppMain:21 - Contato Details?= Id: 79, Nome: aluno 104, REndereco: RUA XXXXX, 999, Telefone: (31)9999-8877
2023-03-12 12:56:08 INFO  AppMain:21 - Contato Details?= Id: 80, Nome: aluno 105, REndereco: RUA XXXXX, 999, Telefone: (31)9999-8877
2023-03-12 12:56:08 INFO  AppMain:21 - Contato Details?= Id: 81, Nome: aluno 101, REndereco: RUA XXXXX, 999, Telefone: (31)9999-8877
2023-03-12 12:56:08 INFO  AppMain:21 - Contato Details?= Id: 82, Nome: aluno 102, REndereco: RUA XXXXX, 999, Telefone: (31)9999-8877
2023-03-12 12:56:08 INFO  AppMain:21 - Contato Details?= Id: 83, Nome: aluno 103, REndereco: RUA XXXXX, 999, Telefone: (31)9999-8877
2023-03-12 12:56:08 INFO  AppMain:21 - Contato Details?= Id: 84, Nome: aluno 104, REndereco: RUA XXXXX, 999, Telefone: (31)9999-8877
2023-03-12 12:56:08 INFO  AppMain:21 - Contato Details?= Id: 85, Nome: aluno 105, REndereco: RUA XXXXX, 999, Telefone: (31)9999-8877
2023-03-12 12:56:08 INFO  AppMain:21 - Contato Details?= Id: 86, Nome: aluno 101, REndereco: RUA XXXXX, 999, Telefone: (31)9999-8877
2023-03-12 12:56:08 INFO  AppMain:21 - Contato Details?= Id: 87, Nome: aluno 102, REndereco: RUA XXXXX, 999, Telefone: (31)9999-8877
2023-03-12 12:56:08 INFO  AppMain:21 - Contato Details?= Id: 88, Nome: aluno 103, REndereco: RUA XXXXX, 999, Telefone: (31)9999-8877
2023-03-12 12:56:08 INFO  AppMain:21 - Contato Details?= Id: 89, Nome: aluno 104, REndereco: RUA XXXXX, 999, Telefone: (31)9999-8877
2023-03-12 12:56:08 INFO  AppMain:21 - Contato Details?= Id: 90, Nome: aluno 105, REndereco: RUA XXXXX, 999, Telefone: (31)9999-8877
2023-03-12 12:56:08 INFO  AppMain:21 - Contato Details?= Id: 91, Nome: aluno 101, REndereco: RUA XXXXX, 999, Telefone: (31)9999-8877
2023-03-12 12:56:08 INFO  AppMain:21 - Contato Details?= Id: 92, Nome: aluno 102, REndereco: RUA XXXXX, 999, Telefone: (31)9999-8877
2023-03-12 12:56:08 INFO  AppMain:21 - Contato Details?= Id: 93, Nome: aluno 103, REndereco: RUA XXXXX, 999, Telefone: (31)9999-8877
2023-03-12 12:56:08 INFO  AppMain:21 - Contato Details?= Id: 96, Nome: Danielle, REndereco: Rua 0, Telefone: 37 9999-8888
2023-03-12 12:56:08 INFO  AppMain:21 - Contato Details?= Id: 97, Nome: Teste inclusão, REndereco: Rua dos bobos, número 0, Telefone: 5
2023-03-12 12:56:08 INFO  AppMain:21 - Contato Details?= Id: 98, Nome: aluno 101, REndereco: RUA XXXXX, 999, Telefone: (31)9999-8877
2023-03-12 12:56:08 INFO  AppMain:21 - Contato Details?= Id: 99, Nome: aluno 102, REndereco: RUA XXXXX, 999, Telefone: (31)9999-8877
2023-03-12 12:56:08 INFO  AppMain:21 - Contato Details?= Id: 100, Nome: aluno 103, REndereco: RUA XXXXX, 999, Telefone: (31)9999-8877
2023-03-12 12:56:08 INFO  AppMain:21 - Contato Details?= Id: 101, Nome: a, REndereco: a, Telefone: a
2023-03-12 12:56:08 INFO  AppMain:21 - Contato Details?= Id: 110, Nome: aluno 101, REndereco: RUA XXXXX, 999, Telefone: (31)9999-8877
2023-03-12 12:56:08 INFO  AppMain:21 - Contato Details?= Id: 111, Nome: aluno 102, REndereco: RUA XXXXX, 999, Telefone: (31)9999-8877
2023-03-12 12:56:08 INFO  AppMain:21 - Contato Details?= Id: 112, Nome: aluno 103, REndereco: RUA XXXXX, 999, Telefone: (31)9999-8877
2023-03-12 12:56:08 INFO  AppMain:21 - Contato Details?= Id: 113, Nome: aluno 104, REndereco: RUA XXXXX, 999, Telefone: (31)9999-8877
2023-03-12 12:56:08 INFO  AppMain:21 - Contato Details?= Id: 114, Nome: aluno 105, REndereco: RUA XXXXX, 999, Telefone: (31)9999-8877
2023-03-12 12:56:08 INFO  AppMain:25 - 
=======UPDATE RECORDS=======

2023-03-12 12:56:08 INFO  DbOperations:114 - 
.......Transaction Is Being Rolled Back.......

2023-03-12 12:56:08 INFO  AppMain:30 - 
=======READ RECORDS AFTER UPDATION=======

2023-03-12 12:56:09 INFO  AppMain:34 - Contato Details?= Id: 2, Nome: , REndereco: , Telefone: 
2023-03-12 12:56:09 INFO  AppMain:34 - Contato Details?= Id: 3, Nome: Java 3, REndereco: RUA JJJ, No. 3, Telefone: (31)9999-2233
2023-03-12 12:56:09 INFO  AppMain:34 - Contato Details?= Id: 4, Nome: Java 4, REndereco: RUA JJJ, No. 4, Telefone: (31)9999-2233
2023-03-12 12:56:09 INFO  AppMain:34 - Contato Details?= Id: 6, Nome: Java Dani, REndereco: RUA JJJ, No. 999999, Telefone: (31)9999-223365261
2023-03-12 12:56:09 INFO  AppMain:34 - Contato Details?= Id: 7, Nome: Java 7, REndereco: RUA JJJ, No. 7, Telefone: (31)9999-2233
2023-03-12 12:56:09 INFO  AppMain:34 - Contato Details?= Id: 8, Nome: Java 8, REndereco: RUA JJJ, No. 8, Telefone: (31)9999-2233
2023-03-12 12:56:09 INFO  AppMain:34 - Contato Details?= Id: 9, Nome: Java 9, REndereco: RUA JJJ, No. 9, Telefone: (31)9999-2233
2023-03-12 12:56:09 INFO  AppMain:34 - Contato Details?= Id: 10, Nome: Java 10, REndereco: RUA JJJ, No. 10, Telefone: (31)9999-2233
2023-03-12 12:56:09 INFO  AppMain:34 - Contato Details?= Id: 63, Nome: José , REndereco: RUA atualizada!, Telefone: 31888888888
2023-03-12 12:56:09 INFO  AppMain:34 - Contato Details?= Id: 66, Nome: aluno 101, REndereco: RUA XXXXX, 999, Telefone: (31)9999-8877
2023-03-12 12:56:09 INFO  AppMain:34 - Contato Details?= Id: 67, Nome: aluno 102, REndereco: RUA XXXXX, 999, Telefone: (31)9999-8877
2023-03-12 12:56:09 INFO  AppMain:34 - Contato Details?= Id: 68, Nome: aluno 103, REndereco: RUA XXXXX, 999, Telefone: (31)9999-8877
2023-03-12 12:56:09 INFO  AppMain:34 - Contato Details?= Id: 69, Nome: aluno 104, REndereco: RUA XXXXX, 999, Telefone: (31)9999-8877
2023-03-12 12:56:09 INFO  AppMain:34 - Contato Details?= Id: 70, Nome: aluno 105, REndereco: RUA XXXXX, 999, Telefone: (31)9999-8877
2023-03-12 12:56:09 INFO  AppMain:34 - Contato Details?= Id: 71, Nome: aluno 101, REndereco: RUA XXXXX, 999, Telefone: (31)9999-8877
2023-03-12 12:56:09 INFO  AppMain:34 - Contato Details?= Id: 72, Nome: aluno 102, REndereco: RUA XXXXX, 999, Telefone: (31)9999-8877
2023-03-12 12:56:09 INFO  AppMain:34 - Contato Details?= Id: 73, Nome: aluno 103, REndereco: RUA XXXXX, 999, Telefone: (31)9999-8877
2023-03-12 12:56:09 INFO  AppMain:34 - Contato Details?= Id: 74, Nome: aluno 104, REndereco: RUA XXXXX, 999, Telefone: (31)9999-8877
2023-03-12 12:56:09 INFO  AppMain:34 - Contato Details?= Id: 75, Nome: aluno 105, REndereco: RUA XXXXX, 999, Telefone: (31)9999-8877
2023-03-12 12:56:09 INFO  AppMain:34 - Contato Details?= Id: 76, Nome: aluno 101, REndereco: RUA XXXXX, 999, Telefone: (31)9999-8877
2023-03-12 12:56:09 INFO  AppMain:34 - Contato Details?= Id: 77, Nome: aluno 102, REndereco: RUA XXXXX, 999, Telefone: (31)9999-8877
2023-03-12 12:56:09 INFO  AppMain:34 - Contato Details?= Id: 78, Nome: aluno 103, REndereco: RUA XXXXX, 999, Telefone: (31)9999-8877
2023-03-12 12:56:09 INFO  AppMain:34 - Contato Details?= Id: 79, Nome: aluno 104, REndereco: RUA XXXXX, 999, Telefone: (31)9999-8877
2023-03-12 12:56:09 INFO  AppMain:34 - Contato Details?= Id: 80, Nome: aluno 105, REndereco: RUA XXXXX, 999, Telefone: (31)9999-8877
2023-03-12 12:56:09 INFO  AppMain:34 - Contato Details?= Id: 81, Nome: aluno 101, REndereco: RUA XXXXX, 999, Telefone: (31)9999-8877
2023-03-12 12:56:09 INFO  AppMain:34 - Contato Details?= Id: 82, Nome: aluno 102, REndereco: RUA XXXXX, 999, Telefone: (31)9999-8877
2023-03-12 12:56:09 INFO  AppMain:34 - Contato Details?= Id: 83, Nome: aluno 103, REndereco: RUA XXXXX, 999, Telefone: (31)9999-8877
2023-03-12 12:56:09 INFO  AppMain:34 - Contato Details?= Id: 84, Nome: aluno 104, REndereco: RUA XXXXX, 999, Telefone: (31)9999-8877
2023-03-12 12:56:09 INFO  AppMain:34 - Contato Details?= Id: 85, Nome: aluno 105, REndereco: RUA XXXXX, 999, Telefone: (31)9999-8877
2023-03-12 12:56:09 INFO  AppMain:34 - Contato Details?= Id: 86, Nome: aluno 101, REndereco: RUA XXXXX, 999, Telefone: (31)9999-8877
2023-03-12 12:56:09 INFO  AppMain:34 - Contato Details?= Id: 87, Nome: aluno 102, REndereco: RUA XXXXX, 999, Telefone: (31)9999-8877
2023-03-12 12:56:09 INFO  AppMain:34 - Contato Details?= Id: 88, Nome: aluno 103, REndereco: RUA XXXXX, 999, Telefone: (31)9999-8877
2023-03-12 12:56:09 INFO  AppMain:34 - Contato Details?= Id: 89, Nome: aluno 104, REndereco: RUA XXXXX, 999, Telefone: (31)9999-8877
2023-03-12 12:56:09 INFO  AppMain:34 - Contato Details?= Id: 90, Nome: aluno 105, REndereco: RUA XXXXX, 999, Telefone: (31)9999-8877
2023-03-12 12:56:09 INFO  AppMain:34 - Contato Details?= Id: 91, Nome: aluno 101, REndereco: RUA XXXXX, 999, Telefone: (31)9999-8877
2023-03-12 12:56:09 INFO  AppMain:34 - Contato Details?= Id: 92, Nome: aluno 102, REndereco: RUA XXXXX, 999, Telefone: (31)9999-8877
2023-03-12 12:56:09 INFO  AppMain:34 - Contato Details?= Id: 93, Nome: aluno 103, REndereco: RUA XXXXX, 999, Telefone: (31)9999-8877
2023-03-12 12:56:09 INFO  AppMain:34 - Contato Details?= Id: 96, Nome: Danielle, REndereco: Rua 0, Telefone: 37 9999-8888
2023-03-12 12:56:09 INFO  AppMain:34 - Contato Details?= Id: 97, Nome: Teste inclusão, REndereco: Rua dos bobos, número 0, Telefone: 5
2023-03-12 12:56:09 INFO  AppMain:34 - Contato Details?= Id: 98, Nome: aluno 101, REndereco: RUA XXXXX, 999, Telefone: (31)9999-8877
2023-03-12 12:56:09 INFO  AppMain:34 - Contato Details?= Id: 99, Nome: aluno 102, REndereco: RUA XXXXX, 999, Telefone: (31)9999-8877
2023-03-12 12:56:09 INFO  AppMain:34 - Contato Details?= Id: 100, Nome: aluno 103, REndereco: RUA XXXXX, 999, Telefone: (31)9999-8877
2023-03-12 12:56:09 INFO  AppMain:34 - Contato Details?= Id: 101, Nome: a, REndereco: a, Telefone: a
2023-03-12 12:56:09 INFO  AppMain:34 - Contato Details?= Id: 110, Nome: aluno 101, REndereco: RUA XXXXX, 999, Telefone: (31)9999-8877
2023-03-12 12:56:09 INFO  AppMain:34 - Contato Details?= Id: 111, Nome: aluno 102, REndereco: RUA XXXXX, 999, Telefone: (31)9999-8877
2023-03-12 12:56:09 INFO  AppMain:34 - Contato Details?= Id: 112, Nome: aluno 103, REndereco: RUA XXXXX, 999, Telefone: (31)9999-8877
2023-03-12 12:56:09 INFO  AppMain:34 - Contato Details?= Id: 113, Nome: aluno 104, REndereco: RUA XXXXX, 999, Telefone: (31)9999-8877
2023-03-12 12:56:09 INFO  AppMain:34 - Contato Details?= Id: 114, Nome: aluno 105, REndereco: RUA XXXXX, 999, Telefone: (31)9999-8877
2023-03-12 12:56:09 INFO  AppMain:38 - 
=======DELETE RECORD=======

2023-03-12 12:56:10 INFO  DbOperations:141 - 
.......Transaction Is Being Rolled Back.......

2023-03-12 12:56:10 INFO  AppMain:41 - 
=======READ RECORDS AFTER DELETION=======

2023-03-12 12:56:10 INFO  AppMain:44 - Contato Details?= Id: 2, Nome: , REndereco: , Telefone: 
2023-03-12 12:56:10 INFO  AppMain:44 - Contato Details?= Id: 3, Nome: Java 3, REndereco: RUA JJJ, No. 3, Telefone: (31)9999-2233
2023-03-12 12:56:10 INFO  AppMain:44 - Contato Details?= Id: 4, Nome: Java 4, REndereco: RUA JJJ, No. 4, Telefone: (31)9999-2233
2023-03-12 12:56:10 INFO  AppMain:44 - Contato Details?= Id: 6, Nome: Java Dani, REndereco: RUA JJJ, No. 999999, Telefone: (31)9999-223365261
2023-03-12 12:56:10 INFO  AppMain:44 - Contato Details?= Id: 7, Nome: Java 7, REndereco: RUA JJJ, No. 7, Telefone: (31)9999-2233
2023-03-12 12:56:10 INFO  AppMain:44 - Contato Details?= Id: 8, Nome: Java 8, REndereco: RUA JJJ, No. 8, Telefone: (31)9999-2233
2023-03-12 12:56:10 INFO  AppMain:44 - Contato Details?= Id: 9, Nome: Java 9, REndereco: RUA JJJ, No. 9, Telefone: (31)9999-2233
2023-03-12 12:56:10 INFO  AppMain:44 - Contato Details?= Id: 10, Nome: Java 10, REndereco: RUA JJJ, No. 10, Telefone: (31)9999-2233
2023-03-12 12:56:10 INFO  AppMain:44 - Contato Details?= Id: 63, Nome: José , REndereco: RUA atualizada!, Telefone: 31888888888
2023-03-12 12:56:10 INFO  AppMain:44 - Contato Details?= Id: 66, Nome: aluno 101, REndereco: RUA XXXXX, 999, Telefone: (31)9999-8877
2023-03-12 12:56:10 INFO  AppMain:44 - Contato Details?= Id: 67, Nome: aluno 102, REndereco: RUA XXXXX, 999, Telefone: (31)9999-8877
2023-03-12 12:56:10 INFO  AppMain:44 - Contato Details?= Id: 68, Nome: aluno 103, REndereco: RUA XXXXX, 999, Telefone: (31)9999-8877
2023-03-12 12:56:10 INFO  AppMain:44 - Contato Details?= Id: 69, Nome: aluno 104, REndereco: RUA XXXXX, 999, Telefone: (31)9999-8877
2023-03-12 12:56:10 INFO  AppMain:44 - Contato Details?= Id: 70, Nome: aluno 105, REndereco: RUA XXXXX, 999, Telefone: (31)9999-8877
2023-03-12 12:56:10 INFO  AppMain:44 - Contato Details?= Id: 71, Nome: aluno 101, REndereco: RUA XXXXX, 999, Telefone: (31)9999-8877
2023-03-12 12:56:10 INFO  AppMain:44 - Contato Details?= Id: 72, Nome: aluno 102, REndereco: RUA XXXXX, 999, Telefone: (31)9999-8877
2023-03-12 12:56:10 INFO  AppMain:44 - Contato Details?= Id: 73, Nome: aluno 103, REndereco: RUA XXXXX, 999, Telefone: (31)9999-8877
2023-03-12 12:56:10 INFO  AppMain:44 - Contato Details?= Id: 74, Nome: aluno 104, REndereco: RUA XXXXX, 999, Telefone: (31)9999-8877
2023-03-12 12:56:10 INFO  AppMain:44 - Contato Details?= Id: 75, Nome: aluno 105, REndereco: RUA XXXXX, 999, Telefone: (31)9999-8877
2023-03-12 12:56:10 INFO  AppMain:44 - Contato Details?= Id: 76, Nome: aluno 101, REndereco: RUA XXXXX, 999, Telefone: (31)9999-8877
2023-03-12 12:56:10 INFO  AppMain:44 - Contato Details?= Id: 77, Nome: aluno 102, REndereco: RUA XXXXX, 999, Telefone: (31)9999-8877
2023-03-12 12:56:10 INFO  AppMain:44 - Contato Details?= Id: 78, Nome: aluno 103, REndereco: RUA XXXXX, 999, Telefone: (31)9999-8877
2023-03-12 12:56:10 INFO  AppMain:44 - Contato Details?= Id: 79, Nome: aluno 104, REndereco: RUA XXXXX, 999, Telefone: (31)9999-8877
2023-03-12 12:56:10 INFO  AppMain:44 - Contato Details?= Id: 80, Nome: aluno 105, REndereco: RUA XXXXX, 999, Telefone: (31)9999-8877
2023-03-12 12:56:10 INFO  AppMain:44 - Contato Details?= Id: 81, Nome: aluno 101, REndereco: RUA XXXXX, 999, Telefone: (31)9999-8877
2023-03-12 12:56:10 INFO  AppMain:44 - Contato Details?= Id: 82, Nome: aluno 102, REndereco: RUA XXXXX, 999, Telefone: (31)9999-8877
2023-03-12 12:56:10 INFO  AppMain:44 - Contato Details?= Id: 83, Nome: aluno 103, REndereco: RUA XXXXX, 999, Telefone: (31)9999-8877
2023-03-12 12:56:10 INFO  AppMain:44 - Contato Details?= Id: 84, Nome: aluno 104, REndereco: RUA XXXXX, 999, Telefone: (31)9999-8877
2023-03-12 12:56:10 INFO  AppMain:44 - Contato Details?= Id: 85, Nome: aluno 105, REndereco: RUA XXXXX, 999, Telefone: (31)9999-8877
2023-03-12 12:56:10 INFO  AppMain:44 - Contato Details?= Id: 86, Nome: aluno 101, REndereco: RUA XXXXX, 999, Telefone: (31)9999-8877
2023-03-12 12:56:10 INFO  AppMain:44 - Contato Details?= Id: 87, Nome: aluno 102, REndereco: RUA XXXXX, 999, Telefone: (31)9999-8877
2023-03-12 12:56:10 INFO  AppMain:44 - Contato Details?= Id: 88, Nome: aluno 103, REndereco: RUA XXXXX, 999, Telefone: (31)9999-8877
2023-03-12 12:56:10 INFO  AppMain:44 - Contato Details?= Id: 89, Nome: aluno 104, REndereco: RUA XXXXX, 999, Telefone: (31)9999-8877
2023-03-12 12:56:10 INFO  AppMain:44 - Contato Details?= Id: 90, Nome: aluno 105, REndereco: RUA XXXXX, 999, Telefone: (31)9999-8877
2023-03-12 12:56:10 INFO  AppMain:44 - Contato Details?= Id: 91, Nome: aluno 101, REndereco: RUA XXXXX, 999, Telefone: (31)9999-8877
2023-03-12 12:56:10 INFO  AppMain:44 - Contato Details?= Id: 92, Nome: aluno 102, REndereco: RUA XXXXX, 999, Telefone: (31)9999-8877
2023-03-12 12:56:10 INFO  AppMain:44 - Contato Details?= Id: 93, Nome: aluno 103, REndereco: RUA XXXXX, 999, Telefone: (31)9999-8877
2023-03-12 12:56:10 INFO  AppMain:44 - Contato Details?= Id: 96, Nome: Danielle, REndereco: Rua 0, Telefone: 37 9999-8888
2023-03-12 12:56:10 INFO  AppMain:44 - Contato Details?= Id: 97, Nome: Teste inclusão, REndereco: Rua dos bobos, número 0, Telefone: 5
2023-03-12 12:56:10 INFO  AppMain:44 - Contato Details?= Id: 98, Nome: aluno 101, REndereco: RUA XXXXX, 999, Telefone: (31)9999-8877
2023-03-12 12:56:10 INFO  AppMain:44 - Contato Details?= Id: 99, Nome: aluno 102, REndereco: RUA XXXXX, 999, Telefone: (31)9999-8877
2023-03-12 12:56:10 INFO  AppMain:44 - Contato Details?= Id: 100, Nome: aluno 103, REndereco: RUA XXXXX, 999, Telefone: (31)9999-8877
2023-03-12 12:56:10 INFO  AppMain:44 - Contato Details?= Id: 101, Nome: a, REndereco: a, Telefone: a
2023-03-12 12:56:10 INFO  AppMain:44 - Contato Details?= Id: 110, Nome: aluno 101, REndereco: RUA XXXXX, 999, Telefone: (31)9999-8877
2023-03-12 12:56:10 INFO  AppMain:44 - Contato Details?= Id: 111, Nome: aluno 102, REndereco: RUA XXXXX, 999, Telefone: (31)9999-8877
2023-03-12 12:56:10 INFO  AppMain:44 - Contato Details?= Id: 112, Nome: aluno 103, REndereco: RUA XXXXX, 999, Telefone: (31)9999-8877
2023-03-12 12:56:10 INFO  AppMain:44 - Contato Details?= Id: 113, Nome: aluno 104, REndereco: RUA XXXXX, 999, Telefone: (31)9999-8877
2023-03-12 12:56:10 INFO  AppMain:44 - Contato Details?= Id: 114, Nome: aluno 105, REndereco: RUA XXXXX, 999, Telefone: (31)9999-8877
2023-03-12 13:09:19 INFO  AppMain:12 - .......Hibernate Crud Operations Example.......

2023-03-12 13:09:19 INFO  AppMain:14 - 
=======CREATE RECORDS=======

2023-03-12 13:09:23 INFO  DbOperations:57 - 
Successfully Created '5' Records In The Database!

2023-03-12 13:09:23 INFO  AppMain:17 - 
=======READ RECORDS=======

2023-03-12 13:09:23 INFO  AppMain:21 - Contato Details?= Id: 2, Nome: , REndereco: , Telefone: 
2023-03-12 13:09:23 INFO  AppMain:21 - Contato Details?= Id: 3, Nome: Java 3, REndereco: RUA JJJ, No. 3, Telefone: (31)9999-2233
2023-03-12 13:09:23 INFO  AppMain:21 - Contato Details?= Id: 4, Nome: Java 4, REndereco: RUA JJJ, No. 4, Telefone: (31)9999-2233
2023-03-12 13:09:23 INFO  AppMain:21 - Contato Details?= Id: 6, Nome: Java Dani, REndereco: RUA JJJ, No. 999999, Telefone: (31)9999-223365261
2023-03-12 13:09:23 INFO  AppMain:21 - Contato Details?= Id: 7, Nome: Java 7, REndereco: RUA JJJ, No. 7, Telefone: (31)9999-2233
2023-03-12 13:09:23 INFO  AppMain:21 - Contato Details?= Id: 8, Nome: Java 8, REndereco: RUA JJJ, No. 8, Telefone: (31)9999-2233
2023-03-12 13:09:23 INFO  AppMain:21 - Contato Details?= Id: 9, Nome: Java 9, REndereco: RUA JJJ, No. 9, Telefone: (31)9999-2233
2023-03-12 13:09:23 INFO  AppMain:21 - Contato Details?= Id: 10, Nome: Java 10, REndereco: RUA JJJ, No. 10, Telefone: (31)9999-2233
2023-03-12 13:09:23 INFO  AppMain:21 - Contato Details?= Id: 63, Nome: José , REndereco: RUA atualizada!, Telefone: 31888888888
2023-03-12 13:09:23 INFO  AppMain:21 - Contato Details?= Id: 66, Nome: aluno 101, REndereco: RUA XXXXX, 999, Telefone: (31)9999-8877
2023-03-12 13:09:23 INFO  AppMain:21 - Contato Details?= Id: 67, Nome: aluno 102, REndereco: RUA XXXXX, 999, Telefone: (31)9999-8877
2023-03-12 13:09:23 INFO  AppMain:21 - Contato Details?= Id: 68, Nome: aluno 103, REndereco: RUA XXXXX, 999, Telefone: (31)9999-8877
2023-03-12 13:09:23 INFO  AppMain:21 - Contato Details?= Id: 69, Nome: aluno 104, REndereco: RUA XXXXX, 999, Telefone: (31)9999-8877
2023-03-12 13:09:23 INFO  AppMain:21 - Contato Details?= Id: 70, Nome: aluno 105, REndereco: RUA XXXXX, 999, Telefone: (31)9999-8877
2023-03-12 13:09:23 INFO  AppMain:21 - Contato Details?= Id: 71, Nome: aluno 101, REndereco: RUA XXXXX, 999, Telefone: (31)9999-8877
2023-03-12 13:09:23 INFO  AppMain:21 - Contato Details?= Id: 72, Nome: aluno 102, REndereco: RUA XXXXX, 999, Telefone: (31)9999-8877
2023-03-12 13:09:23 INFO  AppMain:21 - Contato Details?= Id: 73, Nome: aluno 103, REndereco: RUA XXXXX, 999, Telefone: (31)9999-8877
2023-03-12 13:09:23 INFO  AppMain:21 - Contato Details?= Id: 74, Nome: aluno 104, REndereco: RUA XXXXX, 999, Telefone: (31)9999-8877
2023-03-12 13:09:23 INFO  AppMain:21 - Contato Details?= Id: 75, Nome: aluno 105, REndereco: RUA XXXXX, 999, Telefone: (31)9999-8877
2023-03-12 13:09:23 INFO  AppMain:21 - Contato Details?= Id: 76, Nome: aluno 101, REndereco: RUA XXXXX, 999, Telefone: (31)9999-8877
2023-03-12 13:09:23 INFO  AppMain:21 - Contato Details?= Id: 77, Nome: aluno 102, REndereco: RUA XXXXX, 999, Telefone: (31)9999-8877
2023-03-12 13:09:23 INFO  AppMain:21 - Contato Details?= Id: 78, Nome: aluno 103, REndereco: RUA XXXXX, 999, Telefone: (31)9999-8877
2023-03-12 13:09:23 INFO  AppMain:21 - Contato Details?= Id: 79, Nome: aluno 104, REndereco: RUA XXXXX, 999, Telefone: (31)9999-8877
2023-03-12 13:09:23 INFO  AppMain:21 - Contato Details?= Id: 80, Nome: aluno 105, REndereco: RUA XXXXX, 999, Telefone: (31)9999-8877
2023-03-12 13:09:23 INFO  AppMain:21 - Contato Details?= Id: 81, Nome: aluno 101, REndereco: RUA XXXXX, 999, Telefone: (31)9999-8877
2023-03-12 13:09:23 INFO  AppMain:21 - Contato Details?= Id: 82, Nome: aluno 102, REndereco: RUA XXXXX, 999, Telefone: (31)9999-8877
2023-03-12 13:09:23 INFO  AppMain:21 - Contato Details?= Id: 83, Nome: aluno 103, REndereco: RUA XXXXX, 999, Telefone: (31)9999-8877
2023-03-12 13:09:23 INFO  AppMain:21 - Contato Details?= Id: 84, Nome: aluno 104, REndereco: RUA XXXXX, 999, Telefone: (31)9999-8877
2023-03-12 13:09:23 INFO  AppMain:21 - Contato Details?= Id: 85, Nome: aluno 105, REndereco: RUA XXXXX, 999, Telefone: (31)9999-8877
2023-03-12 13:09:23 INFO  AppMain:21 - Contato Details?= Id: 86, Nome: aluno 101, REndereco: RUA XXXXX, 999, Telefone: (31)9999-8877
2023-03-12 13:09:23 INFO  AppMain:21 - Contato Details?= Id: 87, Nome: aluno 102, REndereco: RUA XXXXX, 999, Telefone: (31)9999-8877
2023-03-12 13:09:23 INFO  AppMain:21 - Contato Details?= Id: 88, Nome: aluno 103, REndereco: RUA XXXXX, 999, Telefone: (31)9999-8877
2023-03-12 13:09:23 INFO  AppMain:21 - Contato Details?= Id: 89, Nome: aluno 104, REndereco: RUA XXXXX, 999, Telefone: (31)9999-8877
2023-03-12 13:09:23 INFO  AppMain:21 - Contato Details?= Id: 90, Nome: aluno 105, REndereco: RUA XXXXX, 999, Telefone: (31)9999-8877
2023-03-12 13:09:23 INFO  AppMain:21 - Contato Details?= Id: 91, Nome: aluno 101, REndereco: RUA XXXXX, 999, Telefone: (31)9999-8877
2023-03-12 13:09:23 INFO  AppMain:21 - Contato Details?= Id: 92, Nome: aluno 102, REndereco: RUA XXXXX, 999, Telefone: (31)9999-8877
2023-03-12 13:09:23 INFO  AppMain:21 - Contato Details?= Id: 93, Nome: aluno 103, REndereco: RUA XXXXX, 999, Telefone: (31)9999-8877
2023-03-12 13:09:23 INFO  AppMain:21 - Contato Details?= Id: 96, Nome: Danielle, REndereco: Rua 0, Telefone: 37 9999-8888
2023-03-12 13:09:23 INFO  AppMain:21 - Contato Details?= Id: 97, Nome: Teste inclusão, REndereco: Rua dos bobos, número 0, Telefone: 5
2023-03-12 13:09:23 INFO  AppMain:21 - Contato Details?= Id: 98, Nome: aluno 101, REndereco: RUA XXXXX, 999, Telefone: (31)9999-8877
2023-03-12 13:09:23 INFO  AppMain:21 - Contato Details?= Id: 99, Nome: aluno 102, REndereco: RUA XXXXX, 999, Telefone: (31)9999-8877
2023-03-12 13:09:23 INFO  AppMain:21 - Contato Details?= Id: 100, Nome: aluno 103, REndereco: RUA XXXXX, 999, Telefone: (31)9999-8877
2023-03-12 13:09:23 INFO  AppMain:21 - Contato Details?= Id: 101, Nome: a, REndereco: a, Telefone: a
2023-03-12 13:09:23 INFO  AppMain:21 - Contato Details?= Id: 110, Nome: aluno 101, REndereco: RUA XXXXX, 999, Telefone: (31)9999-8877
2023-03-12 13:09:23 INFO  AppMain:21 - Contato Details?= Id: 111, Nome: aluno 102, REndereco: RUA XXXXX, 999, Telefone: (31)9999-8877
2023-03-12 13:09:23 INFO  AppMain:21 - Contato Details?= Id: 112, Nome: aluno 103, REndereco: RUA XXXXX, 999, Telefone: (31)9999-8877
2023-03-12 13:09:23 INFO  AppMain:21 - Contato Details?= Id: 113, Nome: aluno 104, REndereco: RUA XXXXX, 999, Telefone: (31)9999-8877
2023-03-12 13:09:23 INFO  AppMain:21 - Contato Details?= Id: 114, Nome: aluno 105, REndereco: RUA XXXXX, 999, Telefone: (31)9999-8877
2023-03-12 13:09:23 INFO  AppMain:21 - Contato Details?= Id: 115, Nome: aluno 101, REndereco: RUA XXXXX, 999, Telefone: (31)9999-8877
2023-03-12 13:09:23 INFO  AppMain:21 - Contato Details?= Id: 116, Nome: aluno 102, REndereco: RUA XXXXX, 999, Telefone: (31)9999-8877
2023-03-12 13:09:23 INFO  AppMain:21 - Contato Details?= Id: 117, Nome: aluno 103, REndereco: RUA XXXXX, 999, Telefone: (31)9999-8877
2023-03-12 13:09:23 INFO  AppMain:21 - Contato Details?= Id: 118, Nome: aluno 104, REndereco: RUA XXXXX, 999, Telefone: (31)9999-8877
2023-03-12 13:09:23 INFO  AppMain:21 - Contato Details?= Id: 119, Nome: aluno 105, REndereco: RUA XXXXX, 999, Telefone: (31)9999-8877
2023-03-12 13:09:23 INFO  AppMain:25 - 
=======UPDATE RECORDS=======

2023-03-12 13:09:24 INFO  DbOperations:114 - 
.......Transaction Is Being Rolled Back.......

2023-03-12 13:09:24 INFO  AppMain:30 - 
=======READ RECORDS AFTER UPDATION=======

2023-03-12 13:09:24 INFO  AppMain:34 - Contato Details?= Id: 2, Nome: , REndereco: , Telefone: 
2023-03-12 13:09:24 INFO  AppMain:34 - Contato Details?= Id: 3, Nome: Java 3, REndereco: RUA JJJ, No. 3, Telefone: (31)9999-2233
2023-03-12 13:09:24 INFO  AppMain:34 - Contato Details?= Id: 4, Nome: Java 4, REndereco: RUA JJJ, No. 4, Telefone: (31)9999-2233
2023-03-12 13:09:24 INFO  AppMain:34 - Contato Details?= Id: 6, Nome: Java Dani, REndereco: RUA JJJ, No. 999999, Telefone: (31)9999-223365261
2023-03-12 13:09:24 INFO  AppMain:34 - Contato Details?= Id: 7, Nome: Java 7, REndereco: RUA JJJ, No. 7, Telefone: (31)9999-2233
2023-03-12 13:09:24 INFO  AppMain:34 - Contato Details?= Id: 8, Nome: Java 8, REndereco: RUA JJJ, No. 8, Telefone: (31)9999-2233
2023-03-12 13:09:24 INFO  AppMain:34 - Contato Details?= Id: 9, Nome: Java 9, REndereco: RUA JJJ, No. 9, Telefone: (31)9999-2233
2023-03-12 13:09:24 INFO  AppMain:34 - Contato Details?= Id: 10, Nome: Java 10, REndereco: RUA JJJ, No. 10, Telefone: (31)9999-2233
2023-03-12 13:09:24 INFO  AppMain:34 - Contato Details?= Id: 63, Nome: José , REndereco: RUA atualizada!, Telefone: 31888888888
2023-03-12 13:09:24 INFO  AppMain:34 - Contato Details?= Id: 66, Nome: aluno 101, REndereco: RUA XXXXX, 999, Telefone: (31)9999-8877
2023-03-12 13:09:24 INFO  AppMain:34 - Contato Details?= Id: 67, Nome: aluno 102, REndereco: RUA XXXXX, 999, Telefone: (31)9999-8877
2023-03-12 13:09:24 INFO  AppMain:34 - Contato Details?= Id: 68, Nome: aluno 103, REndereco: RUA XXXXX, 999, Telefone: (31)9999-8877
2023-03-12 13:09:24 INFO  AppMain:34 - Contato Details?= Id: 69, Nome: aluno 104, REndereco: RUA XXXXX, 999, Telefone: (31)9999-8877
2023-03-12 13:09:24 INFO  AppMain:34 - Contato Details?= Id: 70, Nome: aluno 105, REndereco: RUA XXXXX, 999, Telefone: (31)9999-8877
2023-03-12 13:09:24 INFO  AppMain:34 - Contato Details?= Id: 71, Nome: aluno 101, REndereco: RUA XXXXX, 999, Telefone: (31)9999-8877
2023-03-12 13:09:24 INFO  AppMain:34 - Contato Details?= Id: 72, Nome: aluno 102, REndereco: RUA XXXXX, 999, Telefone: (31)9999-8877
2023-03-12 13:09:24 INFO  AppMain:34 - Contato Details?= Id: 73, Nome: aluno 103, REndereco: RUA XXXXX, 999, Telefone: (31)9999-8877
2023-03-12 13:09:24 INFO  AppMain:34 - Contato Details?= Id: 74, Nome: aluno 104, REndereco: RUA XXXXX, 999, Telefone: (31)9999-8877
2023-03-12 13:09:24 INFO  AppMain:34 - Contato Details?= Id: 75, Nome: aluno 105, REndereco: RUA XXXXX, 999, Telefone: (31)9999-8877
2023-03-12 13:09:24 INFO  AppMain:34 - Contato Details?= Id: 76, Nome: aluno 101, REndereco: RUA XXXXX, 999, Telefone: (31)9999-8877
2023-03-12 13:09:24 INFO  AppMain:34 - Contato Details?= Id: 77, Nome: aluno 102, REndereco: RUA XXXXX, 999, Telefone: (31)9999-8877
2023-03-12 13:09:24 INFO  AppMain:34 - Contato Details?= Id: 78, Nome: aluno 103, REndereco: RUA XXXXX, 999, Telefone: (31)9999-8877
2023-03-12 13:09:24 INFO  AppMain:34 - Contato Details?= Id: 79, Nome: aluno 104, REndereco: RUA XXXXX, 999, Telefone: (31)9999-8877
2023-03-12 13:09:24 INFO  AppMain:34 - Contato Details?= Id: 80, Nome: aluno 105, REndereco: RUA XXXXX, 999, Telefone: (31)9999-8877
2023-03-12 13:09:24 INFO  AppMain:34 - Contato Details?= Id: 81, Nome: aluno 101, REndereco: RUA XXXXX, 999, Telefone: (31)9999-8877
2023-03-12 13:09:24 INFO  AppMain:34 - Contato Details?= Id: 82, Nome: aluno 102, REndereco: RUA XXXXX, 999, Telefone: (31)9999-8877
2023-03-12 13:09:24 INFO  AppMain:34 - Contato Details?= Id: 83, Nome: aluno 103, REndereco: RUA XXXXX, 999, Telefone: (31)9999-8877
2023-03-12 13:09:24 INFO  AppMain:34 - Contato Details?= Id: 84, Nome: aluno 104, REndereco: RUA XXXXX, 999, Telefone: (31)9999-8877
2023-03-12 13:09:24 INFO  AppMain:34 - Contato Details?= Id: 85, Nome: aluno 105, REndereco: RUA XXXXX, 999, Telefone: (31)9999-8877
2023-03-12 13:09:24 INFO  AppMain:34 - Contato Details?= Id: 86, Nome: aluno 101, REndereco: RUA XXXXX, 999, Telefone: (31)9999-8877
2023-03-12 13:09:24 INFO  AppMain:34 - Contato Details?= Id: 87, Nome: aluno 102, REndereco: RUA XXXXX, 999, Telefone: (31)9999-8877
2023-03-12 13:09:24 INFO  AppMain:34 - Contato Details?= Id: 88, Nome: aluno 103, REndereco: RUA XXXXX, 999, Telefone: (31)9999-8877
2023-03-12 13:09:24 INFO  AppMain:34 - Contato Details?= Id: 89, Nome: aluno 104, REndereco: RUA XXXXX, 999, Telefone: (31)9999-8877
2023-03-12 13:09:24 INFO  AppMain:34 - Contato Details?= Id: 90, Nome: aluno 105, REndereco: RUA XXXXX, 999, Telefone: (31)9999-8877
2023-03-12 13:09:24 INFO  AppMain:34 - Contato Details?= Id: 91, Nome: aluno 101, REndereco: RUA XXXXX, 999, Telefone: (31)9999-8877
2023-03-12 13:09:24 INFO  AppMain:34 - Contato Details?= Id: 92, Nome: aluno 102, REndereco: RUA XXXXX, 999, Telefone: (31)9999-8877
2023-03-12 13:09:24 INFO  AppMain:34 - Contato Details?= Id: 93, Nome: aluno 103, REndereco: RUA XXXXX, 999, Telefone: (31)9999-8877
2023-03-12 13:09:24 INFO  AppMain:34 - Contato Details?= Id: 96, Nome: Danielle, REndereco: Rua 0, Telefone: 37 9999-8888
2023-03-12 13:09:24 INFO  AppMain:34 - Contato Details?= Id: 97, Nome: Teste inclusão, REndereco: Rua dos bobos, número 0, Telefone: 5
2023-03-12 13:09:24 INFO  AppMain:34 - Contato Details?= Id: 98, Nome: aluno 101, REndereco: RUA XXXXX, 999, Telefone: (31)9999-8877
2023-03-12 13:09:24 INFO  AppMain:34 - Contato Details?= Id: 99, Nome: aluno 102, REndereco: RUA XXXXX, 999, Telefone: (31)9999-8877
2023-03-12 13:09:24 INFO  AppMain:34 - Contato Details?= Id: 100, Nome: aluno 103, REndereco: RUA XXXXX, 999, Telefone: (31)9999-8877
2023-03-12 13:09:24 INFO  AppMain:34 - Contato Details?= Id: 101, Nome: a, REndereco: a, Telefone: a
2023-03-12 13:09:24 INFO  AppMain:34 - Contato Details?= Id: 110, Nome: aluno 101, REndereco: RUA XXXXX, 999, Telefone: (31)9999-8877
2023-03-12 13:09:24 INFO  AppMain:34 - Contato Details?= Id: 111, Nome: aluno 102, REndereco: RUA XXXXX, 999, Telefone: (31)9999-8877
2023-03-12 13:09:24 INFO  AppMain:34 - Contato Details?= Id: 112, Nome: aluno 103, REndereco: RUA XXXXX, 999, Telefone: (31)9999-8877
2023-03-12 13:09:24 INFO  AppMain:34 - Contato Details?= Id: 113, Nome: aluno 104, REndereco: RUA XXXXX, 999, Telefone: (31)9999-8877
2023-03-12 13:09:24 INFO  AppMain:34 - Contato Details?= Id: 114, Nome: aluno 105, REndereco: RUA XXXXX, 999, Telefone: (31)9999-8877
2023-03-12 13:09:24 INFO  AppMain:34 - Contato Details?= Id: 115, Nome: aluno 101, REndereco: RUA XXXXX, 999, Telefone: (31)9999-8877
2023-03-12 13:09:24 INFO  AppMain:34 - Contato Details?= Id: 116, Nome: aluno 102, REndereco: RUA XXXXX, 999, Telefone: (31)9999-8877
2023-03-12 13:09:24 INFO  AppMain:34 - Contato Details?= Id: 117, Nome: aluno 103, REndereco: RUA XXXXX, 999, Telefone: (31)9999-8877
2023-03-12 13:09:24 INFO  AppMain:34 - Contato Details?= Id: 118, Nome: aluno 104, REndereco: RUA XXXXX, 999, Telefone: (31)9999-8877
2023-03-12 13:09:24 INFO  AppMain:34 - Contato Details?= Id: 119, Nome: aluno 105, REndereco: RUA XXXXX, 999, Telefone: (31)9999-8877
2023-03-12 13:09:24 INFO  AppMain:38 - 
=======DELETE RECORD=======

2023-03-12 13:09:25 INFO  DbOperations:141 - 
.......Transaction Is Being Rolled Back.......

2023-03-12 13:09:25 INFO  AppMain:41 - 
=======READ RECORDS AFTER DELETION=======

2023-03-12 13:09:25 INFO  AppMain:44 - Contato Details?= Id: 2, Nome: , REndereco: , Telefone: 
2023-03-12 13:09:25 INFO  AppMain:44 - Contato Details?= Id: 3, Nome: Java 3, REndereco: RUA JJJ, No. 3, Telefone: (31)9999-2233
2023-03-12 13:09:25 INFO  AppMain:44 - Contato Details?= Id: 4, Nome: Java 4, REndereco: RUA JJJ, No. 4, Telefone: (31)9999-2233
2023-03-12 13:09:25 INFO  AppMain:44 - Contato Details?= Id: 6, Nome: Java Dani, REndereco: RUA JJJ, No. 999999, Telefone: (31)9999-223365261
2023-03-12 13:09:25 INFO  AppMain:44 - Contato Details?= Id: 7, Nome: Java 7, REndereco: RUA JJJ, No. 7, Telefone: (31)9999-2233
2023-03-12 13:09:25 INFO  AppMain:44 - Contato Details?= Id: 8, Nome: Java 8, REndereco: RUA JJJ, No. 8, Telefone: (31)9999-2233
2023-03-12 13:09:25 INFO  AppMain:44 - Contato Details?= Id: 9, Nome: Java 9, REndereco: RUA JJJ, No. 9, Telefone: (31)9999-2233
2023-03-12 13:09:25 INFO  AppMain:44 - Contato Details?= Id: 10, Nome: Java 10, REndereco: RUA JJJ, No. 10, Telefone: (31)9999-2233
2023-03-12 13:09:25 INFO  AppMain:44 - Contato Details?= Id: 63, Nome: José , REndereco: RUA atualizada!, Telefone: 31888888888
2023-03-12 13:09:25 INFO  AppMain:44 - Contato Details?= Id: 66, Nome: aluno 101, REndereco: RUA XXXXX, 999, Telefone: (31)9999-8877
2023-03-12 13:09:25 INFO  AppMain:44 - Contato Details?= Id: 67, Nome: aluno 102, REndereco: RUA XXXXX, 999, Telefone: (31)9999-8877
2023-03-12 13:09:25 INFO  AppMain:44 - Contato Details?= Id: 68, Nome: aluno 103, REndereco: RUA XXXXX, 999, Telefone: (31)9999-8877
2023-03-12 13:09:25 INFO  AppMain:44 - Contato Details?= Id: 69, Nome: aluno 104, REndereco: RUA XXXXX, 999, Telefone: (31)9999-8877
2023-03-12 13:09:25 INFO  AppMain:44 - Contato Details?= Id: 70, Nome: aluno 105, REndereco: RUA XXXXX, 999, Telefone: (31)9999-8877
2023-03-12 13:09:25 INFO  AppMain:44 - Contato Details?= Id: 71, Nome: aluno 101, REndereco: RUA XXXXX, 999, Telefone: (31)9999-8877
2023-03-12 13:09:25 INFO  AppMain:44 - Contato Details?= Id: 72, Nome: aluno 102, REndereco: RUA XXXXX, 999, Telefone: (31)9999-8877
2023-03-12 13:09:25 INFO  AppMain:44 - Contato Details?= Id: 73, Nome: aluno 103, REndereco: RUA XXXXX, 999, Telefone: (31)9999-8877
2023-03-12 13:09:25 INFO  AppMain:44 - Contato Details?= Id: 74, Nome: aluno 104, REndereco: RUA XXXXX, 999, Telefone: (31)9999-8877
2023-03-12 13:09:25 INFO  AppMain:44 - Contato Details?= Id: 75, Nome: aluno 105, REndereco: RUA XXXXX, 999, Telefone: (31)9999-8877
2023-03-12 13:09:25 INFO  AppMain:44 - Contato Details?= Id: 76, Nome: aluno 101, REndereco: RUA XXXXX, 999, Telefone: (31)9999-8877
2023-03-12 13:09:25 INFO  AppMain:44 - Contato Details?= Id: 77, Nome: aluno 102, REndereco: RUA XXXXX, 999, Telefone: (31)9999-8877
2023-03-12 13:09:25 INFO  AppMain:44 - Contato Details?= Id: 78, Nome: aluno 103, REndereco: RUA XXXXX, 999, Telefone: (31)9999-8877
2023-03-12 13:09:25 INFO  AppMain:44 - Contato Details?= Id: 79, Nome: aluno 104, REndereco: RUA XXXXX, 999, Telefone: (31)9999-8877
2023-03-12 13:09:25 INFO  AppMain:44 - Contato Details?= Id: 80, Nome: aluno 105, REndereco: RUA XXXXX, 999, Telefone: (31)9999-8877
2023-03-12 13:09:25 INFO  AppMain:44 - Contato Details?= Id: 81, Nome: aluno 101, REndereco: RUA XXXXX, 999, Telefone: (31)9999-8877
2023-03-12 13:09:25 INFO  AppMain:44 - Contato Details?= Id: 82, Nome: aluno 102, REndereco: RUA XXXXX, 999, Telefone: (31)9999-8877
2023-03-12 13:09:25 INFO  AppMain:44 - Contato Details?= Id: 83, Nome: aluno 103, REndereco: RUA XXXXX, 999, Telefone: (31)9999-8877
2023-03-12 13:09:25 INFO  AppMain:44 - Contato Details?= Id: 84, Nome: aluno 104, REndereco: RUA XXXXX, 999, Telefone: (31)9999-8877
2023-03-12 13:09:25 INFO  AppMain:44 - Contato Details?= Id: 85, Nome: aluno 105, REndereco: RUA XXXXX, 999, Telefone: (31)9999-8877
2023-03-12 13:09:25 INFO  AppMain:44 - Contato Details?= Id: 86, Nome: aluno 101, REndereco: RUA XXXXX, 999, Telefone: (31)9999-8877
2023-03-12 13:09:25 INFO  AppMain:44 - Contato Details?= Id: 87, Nome: aluno 102, REndereco: RUA XXXXX, 999, Telefone: (31)9999-8877
2023-03-12 13:09:25 INFO  AppMain:44 - Contato Details?= Id: 88, Nome: aluno 103, REndereco: RUA XXXXX, 999, Telefone: (31)9999-8877
2023-03-12 13:09:25 INFO  AppMain:44 - Contato Details?= Id: 89, Nome: aluno 104, REndereco: RUA XXXXX, 999, Telefone: (31)9999-8877
2023-03-12 13:09:25 INFO  AppMain:44 - Contato Details?= Id: 90, Nome: aluno 105, REndereco: RUA XXXXX, 999, Telefone: (31)9999-8877
2023-03-12 13:09:25 INFO  AppMain:44 - Contato Details?= Id: 91, Nome: aluno 101, REndereco: RUA XXXXX, 999, Telefone: (31)9999-8877
2023-03-12 13:09:25 INFO  AppMain:44 - Contato Details?= Id: 92, Nome: aluno 102, REndereco: RUA XXXXX, 999, Telefone: (31)9999-8877
2023-03-12 13:09:25 INFO  AppMain:44 - Contato Details?= Id: 93, Nome: aluno 103, REndereco: RUA XXXXX, 999, Telefone: (31)9999-8877
2023-03-12 13:09:25 INFO  AppMain:44 - Contato Details?= Id: 96, Nome: Danielle, REndereco: Rua 0, Telefone: 37 9999-8888
2023-03-12 13:09:25 INFO  AppMain:44 - Contato Details?= Id: 97, Nome: Teste inclusão, REndereco: Rua dos bobos, número 0, Telefone: 5
2023-03-12 13:09:25 INFO  AppMain:44 - Contato Details?= Id: 98, Nome: aluno 101, REndereco: RUA XXXXX, 999, Telefone: (31)9999-8877
2023-03-12 13:09:25 INFO  AppMain:44 - Contato Details?= Id: 99, Nome: aluno 102, REndereco: RUA XXXXX, 999, Telefone: (31)9999-8877
2023-03-12 13:09:25 INFO  AppMain:44 - Contato Details?= Id: 100, Nome: aluno 103, REndereco: RUA XXXXX, 999, Telefone: (31)9999-8877
2023-03-12 13:09:25 INFO  AppMain:44 - Contato Details?= Id: 101, Nome: a, REndereco: a, Telefone: a
2023-03-12 13:09:25 INFO  AppMain:44 - Contato Details?= Id: 110, Nome: aluno 101, REndereco: RUA XXXXX, 999, Telefone: (31)9999-8877
2023-03-12 13:09:25 INFO  AppMain:44 - Contato Details?= Id: 111, Nome: aluno 102, REndereco: RUA XXXXX, 999, Telefone: (31)9999-8877
2023-03-12 13:09:25 INFO  AppMain:44 - Contato Details?= Id: 112, Nome: aluno 103, REndereco: RUA XXXXX, 999, Telefone: (31)9999-8877
2023-03-12 13:09:25 INFO  AppMain:44 - Contato Details?= Id: 113, Nome: aluno 104, REndereco: RUA XXXXX, 999, Telefone: (31)9999-8877
2023-03-12 13:09:25 INFO  AppMain:44 - Contato Details?= Id: 114, Nome: aluno 105, REndereco: RUA XXXXX, 999, Telefone: (31)9999-8877
2023-03-12 13:09:25 INFO  AppMain:44 - Contato Details?= Id: 115, Nome: aluno 101, REndereco: RUA XXXXX, 999, Telefone: (31)9999-8877
2023-03-12 13:09:25 INFO  AppMain:44 - Contato Details?= Id: 116, Nome: aluno 102, REndereco: RUA XXXXX, 999, Telefone: (31)9999-8877
2023-03-12 13:09:25 INFO  AppMain:44 - Contato Details?= Id: 117, Nome: aluno 103, REndereco: RUA XXXXX, 999, Telefone: (31)9999-8877
2023-03-12 13:09:25 INFO  AppMain:44 - Contato Details?= Id: 118, Nome: aluno 104, REndereco: RUA XXXXX, 999, Telefone: (31)9999-8877
2023-03-12 13:09:25 INFO  AppMain:44 - Contato Details?= Id: 119, Nome: aluno 105, REndereco: RUA XXXXX, 999, Telefone: (31)9999-8877
